2025-01-23 11:31:02,939 [INFO] Activator:176 - 


2025-01-23 11:31:02,949 [INFO] Activator:177 - !SESSION log4j initialized
2025-01-23 11:31:10,791 [INFO] LogOutputStream:77 - [STDOUT_REDIRECT] 
2025-01-23 11:31:16,757 [INFO] ApplicationProperties:184 - Using Application install path: C:\ST\STM32CubeIDE_1.15.0\STM32CubeIDE\plugins\com.st.stm32cube.common.mx_6.11.0.202403141607
2025-01-23 11:31:16,812 [INFO] DbMcusXml:78 - Set database path to: C:\ST\STM32CubeIDE_1.15.0\STM32CubeIDE\plugins\com.st.stm32cube.common.mx_6.11.0.202403141607\\db\/mcu/
2025-01-23 11:31:16,815 [INFO] ApiDb:274 - Set plugin database path to: C:\ST\STM32CubeIDE_1.15.0\STM32CubeIDE\plugins\com.st.stm32cube.common.mx_6.11.0.202403141607\\db\/plugins/boardmanager/
2025-01-23 11:31:16,817 [WARN] ApiDb:259 - Overriding images path with different value:  => C:\ST\STM32CubeIDE_1.15.0\STM32CubeIDE\plugins\com.st.stm32cube.common.mx_6.11.0.202403141607\\db\/plugins/mcufinder/images/
2025-01-23 11:31:16,847 [INFO] ApiDb:250 - Set database path to: C:\Users\MOWI\.stmcufinder\plugins\mcufinder//mcu/
2025-01-23 11:31:16,850 [INFO] DbMcusAds:125 - Set database path to: C:\Users\MOWI\.stmcufinder\plugins\mcufinder//mcu/
2025-01-23 11:31:16,856 [INFO] CrossReferenceDbSqlite:203 - Set database path to: C:\Users\MOWI\.stmcufinder\plugins\mcufinder//mcu/cs/
2025-01-23 11:31:16,990 [INFO] McuFinderGlobals:63 - Set McuFinder mode to 2 (CubeIDE integrated)
2025-01-23 11:31:17,205 [INFO] RulesReader:64 - Compatibility file has been processed (297 Rules)
2025-01-23 11:31:17,424 [INFO] DbMcusXml:78 - Set database path to: C:\ST\STM32CubeIDE_1.15.0\STM32CubeIDE\plugins\com.st.stm32cube.common.mx_6.11.0.202403141607\\db\/mcu/
2025-01-23 11:31:17,424 [INFO] ApiDb:274 - Set plugin database path to: C:\ST\STM32CubeIDE_1.15.0\STM32CubeIDE\plugins\com.st.stm32cube.common.mx_6.11.0.202403141607\\db\/plugins/boardmanager/
2025-01-23 11:31:17,425 [INFO] ApiDb:261 - Set plugin images path to: C:\ST\STM32CubeIDE_1.15.0\STM32CubeIDE\plugins\com.st.stm32cube.common.mx_6.11.0.202403141607\\db\/plugins/mcufinder/images/
2025-01-23 11:31:17,426 [WARN] DbFile:41 - Overriding database path with different value: C:\Users\MOWI\.stmcufinder\plugins\mcufinder/ => C:\Users\MOWI\.stmcufinder\plugins\mcufinder
2025-01-23 11:31:17,426 [INFO] ApiDb:250 - Set database path to: C:\Users\MOWI\.stmcufinder\plugins\mcufinder//mcu/
2025-01-23 11:31:17,426 [WARN] DbFile:41 - Overriding database path with different value: C:\Users\MOWI\.stmcufinder\plugins\mcufinder/ => C:\Users\MOWI\.stmcufinder\plugins\mcufinder
2025-01-23 11:31:17,427 [INFO] DbMcusAds:125 - Set database path to: C:\Users\MOWI\.stmcufinder\plugins\mcufinder//mcu/
2025-01-23 11:31:17,427 [WARN] DbFile:41 - Overriding database path with different value: C:\Users\MOWI\.stmcufinder\plugins\mcufinder/ => C:\Users\MOWI\.stmcufinder\plugins\mcufinder
2025-01-23 11:31:17,427 [WARN] DbFile:41 - Overriding database path with different value: C:\Users\MOWI\.stmcufinder\plugins\mcufinder/ => C:\Users\MOWI\.stmcufinder\plugins\mcufinder
2025-01-23 11:31:17,428 [INFO] CrossReferenceDbSqlite:203 - Set database path to: C:\Users\MOWI\.stmcufinder\plugins\mcufinder//mcu/cs/
2025-01-23 11:31:17,648 [INFO] MainPanel:264 - HeapMemory: 268435456
2025-01-23 11:31:17,835 [INFO] DbMcusXml:78 - Set database path to: C:\ST\STM32CubeIDE_1.15.0\STM32CubeIDE\plugins\com.st.stm32cube.common.mx_6.11.0.202403141607\\db\/mcu/
2025-01-23 11:31:17,835 [INFO] ApiDb:274 - Set plugin database path to: C:\ST\STM32CubeIDE_1.15.0\STM32CubeIDE\plugins\com.st.stm32cube.common.mx_6.11.0.202403141607\\db\/plugins/boardmanager/
2025-01-23 11:31:17,835 [INFO] ApiDb:261 - Set plugin images path to: C:\ST\STM32CubeIDE_1.15.0\STM32CubeIDE\plugins\com.st.stm32cube.common.mx_6.11.0.202403141607\\db\/plugins/mcufinder/images/
2025-01-23 11:31:17,836 [WARN] DbFile:41 - Overriding database path with different value: C:\Users\MOWI\.stmcufinder\plugins\mcufinder/ => C:\Users\MOWI\.stmcufinder\plugins\mcufinder
2025-01-23 11:31:17,836 [INFO] ApiDb:250 - Set database path to: C:\Users\MOWI\.stmcufinder\plugins\mcufinder//mcu/
2025-01-23 11:31:17,836 [WARN] DbFile:41 - Overriding database path with different value: C:\Users\MOWI\.stmcufinder\plugins\mcufinder/ => C:\Users\MOWI\.stmcufinder\plugins\mcufinder
2025-01-23 11:31:17,837 [INFO] DbMcusAds:125 - Set database path to: C:\Users\MOWI\.stmcufinder\plugins\mcufinder//mcu/
2025-01-23 11:31:17,837 [WARN] DbFile:41 - Overriding database path with different value: C:\Users\MOWI\.stmcufinder\plugins\mcufinder/ => C:\Users\MOWI\.stmcufinder\plugins\mcufinder
2025-01-23 11:31:17,837 [WARN] DbFile:41 - Overriding database path with different value: C:\Users\MOWI\.stmcufinder\plugins\mcufinder/ => C:\Users\MOWI\.stmcufinder\plugins\mcufinder
2025-01-23 11:31:17,837 [INFO] CrossReferenceDbSqlite:203 - Set database path to: C:\Users\MOWI\.stmcufinder\plugins\mcufinder//mcu/cs/
2025-01-23 11:31:17,878 [INFO] ApplicationProperties:184 - Using Application install path: C:\ST\STM32CubeIDE_1.15.0\STM32CubeIDE\plugins\com.st.stm32cube.common.mx_6.11.0.202403141607
2025-01-23 11:31:17,883 [INFO] PluginManage:196 - Search for loadable plugins [exclusion list=, ]
2025-01-23 11:31:17,886 [INFO] PluginManage:310 - Check plugin analytics
2025-01-23 11:31:18,353 [INFO] AnalyticsPlugin:253 - Accepted Software Licenses: 
2025-01-23 11:31:18,354 [INFO] AnalyticsPlugin:255 - Accepted CMSIS Pack Licenses: 
2025-01-23 11:31:18,355 [INFO] AnalyticsPlugin:257 - Accepted Firmware Licenses: FW.F4.1.28.0,FW.F4.1.27.0
2025-01-23 11:31:18,368 [INFO] PluginManage:359 - Loaded plugin analytics (category:tool,tabindex:-1)
2025-01-23 11:31:18,369 [INFO] PluginManage:310 - Check plugin cadmodel
2025-01-23 11:31:18,412 [INFO] CADModel:105 - Init CAD model plugin
2025-01-23 11:31:18,413 [INFO] PluginManage:359 - Loaded plugin cadmodel (category:power,tabindex:5)
2025-01-23 11:31:18,413 [INFO] PluginManage:310 - Check plugin clock
2025-01-23 11:31:18,463 [INFO] PluginManage:359 - Loaded plugin clock (category:base,tabindex:2)
2025-01-23 11:31:18,464 [INFO] PluginManage:310 - Check plugin ddr
2025-01-23 11:31:18,469 [INFO] PluginManage:359 - Loaded plugin ddr (category:tool,tabindex:6)
2025-01-23 11:31:18,470 [INFO] PluginManage:310 - Check plugin filemanager
2025-01-23 11:31:18,839 [INFO] PluginManage:359 - Loaded plugin filemanager (category:base,tabindex:10)
2025-01-23 11:31:18,840 [INFO] PluginManage:310 - Check plugin ipmanager
2025-01-23 11:31:18,859 [INFO] PluginManage:359 - Loaded plugin ipmanager (category:base,tabindex:5)
2025-01-23 11:31:18,860 [INFO] PluginManage:310 - Check plugin lpbam
2025-01-23 11:31:18,922 [INFO] PluginManage:359 - Loaded plugin lpbam (category:base,tabindex:0)
2025-01-23 11:31:18,923 [INFO] PluginManage:310 - Check plugin memorymap
2025-01-23 11:31:18,998 [INFO] PluginManage:359 - Loaded plugin memorymap (category:base,tabindex:4)
2025-01-23 11:31:18,999 [INFO] PluginManage:310 - Check plugin pinoutandconfiguration
2025-01-23 11:31:19,055 [INFO] PluginManage:359 - Loaded plugin pinoutandconfiguration (category:base,tabindex:1)
2025-01-23 11:31:19,055 [INFO] PluginManage:310 - Check plugin pinoutconfig
2025-01-23 11:31:19,332 [WARN] SupportedApi:132 - Cannot load RTOS API schema: s4s-elt-must-match.1: The content of 'definitions' must match (annotation?, (simpleType | complexType)?, (unique | key | keyref)*)). A problem was found starting at: attribute.
2025-01-23 11:31:19,760 [INFO] PluginManage:359 - Loaded plugin pinoutconfig (category:base,tabindex:0)
2025-01-23 11:31:19,761 [INFO] PluginManage:310 - Check plugin power
2025-01-23 11:31:19,829 [INFO] PluginManage:359 - Loaded plugin power (category:power,tabindex:4)
2025-01-23 11:31:19,830 [INFO] PluginManage:310 - Check plugin projectmanager
2025-01-23 11:31:19,880 [INFO] PluginManage:359 - Loaded plugin projectmanager (category:projectmanager,tabindex:3)
2025-01-23 11:31:19,881 [INFO] PluginManage:310 - Check plugin thirdparty
2025-01-23 11:31:20,651 [INFO] PluginManage:359 - Loaded plugin thirdparty (category:base,tabindex:-1)
2025-01-23 11:31:20,651 [INFO] PluginManage:310 - Check plugin tools
2025-01-23 11:31:20,651 [WARN] IntegrityCheckThread:84 - waiting for thirdparty lock release [integrity check]
2025-01-23 11:31:20,652 [INFO] IntegrityCheckThread:86 - entering critical section [integrity check]
2025-01-23 11:31:20,653 [INFO] ThirdPartyUpdaterWithRetryManager:70 - Updater plugin not ready yet. [1/15]
2025-01-23 11:31:20,750 [INFO] PluginManage:359 - Loaded plugin tools (category:base,tabindex:7)
2025-01-23 11:31:20,750 [INFO] PluginManage:310 - Check plugin tutovideos
2025-01-23 11:31:21,191 [INFO] PluginManage:359 - Loaded plugin tutovideos (category:base,tabindex:-1)
2025-01-23 11:31:21,192 [INFO] PluginManage:310 - Check plugin updater
2025-01-23 11:31:21,221 [INFO] PluginManage:359 - Loaded plugin updater (category:base,tabindex:12)
2025-01-23 11:31:21,222 [INFO] PluginManage:310 - Check plugin userauth
2025-01-23 11:31:21,237 [INFO] UserAuth:114 - Init User Auth plugin
2025-01-23 11:31:21,237 [INFO] PluginManage:359 - Loaded plugin userauth (category:base,tabindex:14)
2025-01-23 11:31:21,239 [INFO] PluginManage:283 - PluginManage : Loaded plugins [17]
2025-01-23 11:31:21,918 [INFO] PinOutPanel:1561 - setPackage(No Configuration,No Configuration)
2025-01-23 11:31:22,097 [INFO] CADModel:165 - CPN selected for project level
2025-01-23 11:31:22,098 [INFO] CADModel:114 - Register for checkConnection events
2025-01-23 11:31:22,154 [INFO] IPUIPlugin:80 - create IPUIPlugin
2025-01-23 11:31:22,155 [INFO] PluginManager:220 - loadIPPluginJar : add adc
2025-01-23 11:31:22,250 [INFO] IPUIPlugin:80 - create IPUIPlugin
2025-01-23 11:31:22,251 [INFO] PluginManager:220 - loadIPPluginJar : add aes
2025-01-23 11:31:22,360 [INFO] IPUIPlugin:80 - create IPUIPlugin
2025-01-23 11:31:22,361 [INFO] PluginManager:220 - loadIPPluginJar : add can
2025-01-23 11:31:22,435 [INFO] IPUIPlugin:80 - create IPUIPlugin
2025-01-23 11:31:22,436 [INFO] PluginManager:220 - loadIPPluginJar : add comp
2025-01-23 11:31:22,527 [INFO] IPUIPlugin:80 - create IPUIPlugin
2025-01-23 11:31:22,528 [INFO] PluginManager:220 - loadIPPluginJar : add cryp
2025-01-23 11:31:22,649 [INFO] IPUIPlugin:80 - create IPUIPlugin
2025-01-23 11:31:22,649 [INFO] PluginManager:220 - loadIPPluginJar : add dfsdm
2025-01-23 11:31:22,683 [INFO] IPUIPlugin:80 - create IPUIPlugin
2025-01-23 11:31:22,684 [INFO] PluginManager:220 - loadIPPluginJar : add dma
2025-01-23 11:31:22,807 [INFO] IPUIPlugin:80 - create IPUIPlugin
2025-01-23 11:31:22,808 [INFO] PluginManager:220 - loadIPPluginJar : add dma3
2025-01-23 11:31:22,931 [INFO] IPUIPlugin:80 - create IPUIPlugin
2025-01-23 11:31:22,932 [INFO] PluginManager:220 - loadIPPluginJar : add extmemmanager
2025-01-23 11:31:22,988 [INFO] IPUIPlugin:80 - create IPUIPlugin
2025-01-23 11:31:22,988 [INFO] PluginManager:220 - loadIPPluginJar : add fatfs
2025-01-23 11:31:23,116 [INFO] IPUIPlugin:80 - create IPUIPlugin
2025-01-23 11:31:23,116 [INFO] PluginManager:220 - loadIPPluginJar : add fmc
2025-01-23 11:31:23,152 [INFO] IPUIPlugin:80 - create IPUIPlugin
2025-01-23 11:31:23,153 [INFO] PluginManager:220 - loadIPPluginJar : add freertos
2025-01-23 11:31:23,210 [INFO] IPUIPlugin:80 - create IPUIPlugin
2025-01-23 11:31:23,210 [INFO] PluginManager:220 - loadIPPluginJar : add genericplugin
2025-01-23 11:31:23,468 [INFO] IPUIPlugin:80 - create IPUIPlugin
2025-01-23 11:31:23,468 [INFO] PluginManager:220 - loadIPPluginJar : add gfxmmu
2025-01-23 11:31:23,654 [INFO] ThirdPartyUpdaterWithRetryManager:70 - Updater plugin not ready yet. [2/15]
2025-01-23 11:31:23,827 [INFO] IPUIPlugin:80 - create IPUIPlugin
2025-01-23 11:31:23,828 [INFO] PluginManager:220 - loadIPPluginJar : add gic
2025-01-23 11:31:23,859 [INFO] IPUIPlugin:80 - create IPUIPlugin
2025-01-23 11:31:23,860 [INFO] PluginManager:220 - loadIPPluginJar : add gpio
2025-01-23 11:31:24,111 [INFO] IPUIPlugin:80 - create IPUIPlugin
2025-01-23 11:31:24,111 [INFO] PluginManager:220 - loadIPPluginJar : add gtzc
2025-01-23 11:31:24,198 [INFO] IPUIPlugin:80 - create IPUIPlugin
2025-01-23 11:31:24,199 [INFO] PluginManager:220 - loadIPPluginJar : add hash
2025-01-23 11:31:24,340 [INFO] IPUIPlugin:80 - create IPUIPlugin
2025-01-23 11:31:24,341 [INFO] PluginManager:220 - loadIPPluginJar : add i2c
2025-01-23 11:31:24,447 [INFO] IPUIPlugin:80 - create IPUIPlugin
2025-01-23 11:31:24,447 [INFO] PluginManager:220 - loadIPPluginJar : add i2s
2025-01-23 11:31:24,559 [INFO] IPUIPlugin:80 - create IPUIPlugin
2025-01-23 11:31:24,559 [INFO] PluginManager:220 - loadIPPluginJar : add i3c
2025-01-23 11:31:24,861 [INFO] IPUIPlugin:80 - create IPUIPlugin
2025-01-23 11:31:24,861 [INFO] PluginManager:220 - loadIPPluginJar : add ipddr
2025-01-23 11:31:25,114 [INFO] IPUIPlugin:80 - create IPUIPlugin
2025-01-23 11:31:25,114 [INFO] PluginManager:220 - loadIPPluginJar : add linkedlist
2025-01-23 11:31:25,218 [INFO] IPUIPlugin:80 - create IPUIPlugin
2025-01-23 11:31:25,218 [INFO] PluginManager:220 - loadIPPluginJar : add lorawan
2025-01-23 11:31:25,329 [INFO] IPUIPlugin:80 - create IPUIPlugin
2025-01-23 11:31:25,329 [INFO] PluginManager:220 - loadIPPluginJar : add ltdc
2025-01-23 11:31:25,368 [INFO] IPUIPlugin:80 - create IPUIPlugin
2025-01-23 11:31:25,369 [INFO] PluginManager:220 - loadIPPluginJar : add mdma
2025-01-23 11:31:25,400 [INFO] IPUIPlugin:80 - create IPUIPlugin
2025-01-23 11:31:25,400 [INFO] PluginManager:220 - loadIPPluginJar : add nvic
2025-01-23 11:31:25,514 [INFO] IPUIPlugin:80 - create IPUIPlugin
2025-01-23 11:31:25,514 [INFO] PluginManager:220 - loadIPPluginJar : add opamp
2025-01-23 11:31:25,684 [INFO] IPUIPlugin:80 - create IPUIPlugin
2025-01-23 11:31:25,685 [INFO] PluginManager:220 - loadIPPluginJar : add openamp
2025-01-23 11:31:25,800 [INFO] IPUIPlugin:80 - create IPUIPlugin
2025-01-23 11:31:25,800 [INFO] PluginManager:220 - loadIPPluginJar : add pdm2pcm
2025-01-23 11:31:25,836 [INFO] IPUIPlugin:80 - create IPUIPlugin
2025-01-23 11:31:25,841 [INFO] PluginManager:220 - loadIPPluginJar : add plateformsettings
2025-01-23 11:31:25,904 [INFO] IPUIPlugin:80 - create IPUIPlugin
2025-01-23 11:31:25,904 [INFO] PluginManager:220 - loadIPPluginJar : add quadspi
2025-01-23 11:31:25,939 [INFO] IPUIPlugin:80 - create IPUIPlugin
2025-01-23 11:31:25,939 [INFO] PluginManager:220 - loadIPPluginJar : add resmgrutility
2025-01-23 11:31:26,071 [INFO] IPUIPlugin:80 - create IPUIPlugin
2025-01-23 11:31:26,071 [INFO] PluginManager:220 - loadIPPluginJar : add sai
2025-01-23 11:31:26,170 [INFO] IPUIPlugin:80 - create IPUIPlugin
2025-01-23 11:31:26,171 [INFO] PluginManager:220 - loadIPPluginJar : add spi
2025-01-23 11:31:26,357 [INFO] IPUIPlugin:80 - create IPUIPlugin
2025-01-23 11:31:26,357 [INFO] PluginManager:220 - loadIPPluginJar : add stm32_wpan
2025-01-23 11:31:26,422 [INFO] IPUIPlugin:80 - create IPUIPlugin
2025-01-23 11:31:26,422 [INFO] PluginManager:220 - loadIPPluginJar : add tim
2025-01-23 11:31:26,589 [INFO] IPUIPlugin:80 - create IPUIPlugin
2025-01-23 11:31:26,589 [INFO] PluginManager:220 - loadIPPluginJar : add touchsensing
2025-01-23 11:31:26,651 [INFO] IPUIPlugin:80 - create IPUIPlugin
2025-01-23 11:31:26,651 [INFO] PluginManager:220 - loadIPPluginJar : add tracer_emb
2025-01-23 11:31:26,655 [INFO] ThirdPartyUpdaterWithRetryManager:70 - Updater plugin not ready yet. [3/15]
2025-01-23 11:31:26,716 [INFO] IPUIPlugin:80 - create IPUIPlugin
2025-01-23 11:31:26,716 [INFO] PluginManager:220 - loadIPPluginJar : add ts
2025-01-23 11:31:26,777 [INFO] IPUIPlugin:80 - create IPUIPlugin
2025-01-23 11:31:26,777 [INFO] PluginManager:220 - loadIPPluginJar : add tsc
2025-01-23 11:31:26,836 [INFO] IPUIPlugin:80 - create IPUIPlugin
2025-01-23 11:31:26,836 [INFO] PluginManager:220 - loadIPPluginJar : add ucpd
2025-01-23 11:31:26,955 [INFO] IPUIPlugin:80 - create IPUIPlugin
2025-01-23 11:31:26,955 [INFO] PluginManager:220 - loadIPPluginJar : add usart
2025-01-23 11:31:27,074 [INFO] IPUIPlugin:80 - create IPUIPlugin
2025-01-23 11:31:27,075 [INFO] PluginManager:220 - loadIPPluginJar : add usbx
2025-01-23 11:31:27,306 [INFO] CADModel:165 - CPN selected for project level
2025-01-23 11:31:27,307 [INFO] CADModel:114 - Register for checkConnection events
2025-01-23 11:31:27,309 [FATAL] Updater:308 - Updater called before beeing initialized
2025-01-23 11:31:27,310 [ERROR] CADModel:125 - Updater not yet initialized, retry later 
2025-01-23 11:31:27,636 [INFO] CADModel:165 - CPN selected for project level
2025-01-23 11:31:27,636 [INFO] CADModel:114 - Register for checkConnection events
2025-01-23 11:31:27,636 [FATAL] Updater:308 - Updater called before beeing initialized
2025-01-23 11:31:27,636 [ERROR] CADModel:125 - Updater not yet initialized, retry later 
2025-01-23 11:31:27,643 [FATAL] Updater:308 - Updater called before beeing initialized
2025-01-23 11:31:27,943 [FATAL] Updater:308 - Updater called before beeing initialized
2025-01-23 11:31:27,959 [INFO] DbMcusAds:53 - JSON generation date=Fri Sep 20 20:04:23 WIB 2024 (1726837463113)
2025-01-23 11:31:27,960 [FATAL] Updater:308 - Updater called before beeing initialized
2025-01-23 11:31:28,156 [WARN] DetailPanel:346 - Failed to get advertising image, set to default
2025-01-23 11:31:28,389 [FATAL] Updater:308 - Updater called before beeing initialized
2025-01-23 11:31:28,394 [FATAL] Updater:308 - Updater called before beeing initialized
2025-01-23 11:31:28,395 [FATAL] Updater:308 - Updater called before beeing initialized
2025-01-23 11:31:28,395 [WARN] DetailPanel:346 - Failed to get advertising image, set to default
2025-01-23 11:31:28,398 [FATAL] Updater:308 - Updater called before beeing initialized
2025-01-23 11:31:28,547 [ERROR] Updater:1120 - MainUpdater not yet initialized. External WinMGr cannot be set.
2025-01-23 11:31:28,571 [INFO] Updater:1056 - Updater Version found : 6.11.0
2025-01-23 11:31:28,610 [INFO] ApplicationProperties:184 - Using Application install path: C:\ST\STM32CubeIDE_1.15.0\STM32CubeIDE\plugins\com.st.stm32cube.common.mx_6.11.0.202403141607
2025-01-23 11:31:29,656 [INFO] ThirdPartyUpdaterWithRetryManager:70 - Updater plugin not ready yet. [4/15]
2025-01-23 11:31:30,240 [ERROR] LogOutputStream:75 - [STDERR_REDIRECT] Jan 23, 2025 11:31:30 AM java.util.prefs.WindowsPreferences <init>
2025-01-23 11:31:30,253 [ERROR] LogOutputStream:75 - [STDERR_REDIRECT] WARNING: Could not open/create prefs root node Software\JavaSoft\Prefs at root 0xffffffff80000002. Windows RegCreateKeyEx(...) returned error code 5.
2025-01-23 11:31:30,255 [ERROR] LogOutputStream:75 - [STDERR_REDIRECT] 
2025-01-23 11:31:31,242 [INFO] MainUpdater:2873 - connection check result : 10
2025-01-23 11:31:31,245 [INFO] MainUpdater:290 - Updater Check For Update Now.
2025-01-23 11:31:31,246 [INFO] MicroXplorer:498 - Change Database Version : DB.6.0.110
2025-01-23 11:31:31,339 [INFO] McuFinderGlobals:63 - Set McuFinder mode to 2 (CubeIDE integrated)
2025-01-23 11:31:31,398 [INFO] UserAuth:415 - Internet connection configuration mode: 1
2025-01-23 11:31:31,487 [INFO] JxBrowserEngine:152 - Initiate JxBrowser Engine with user profile folder
2025-01-23 11:31:32,084 [INFO] CheckServerUpdateThread:120 - End of CheckServer Thread
2025-01-23 11:31:32,243 [INFO] MainUpdater:2873 - connection check result : 10
2025-01-23 11:31:32,324 [INFO] McuFinderGlobals:76 - Set McuFinderConnectedMode to true
2025-01-23 11:31:32,671 [INFO] ServerAccessManage:473 - Download File mcusAds.json._tmp_
2025-01-23 11:31:32,717 [WARN] MainUpdater:1194 - Updater busy. Cannot search thirdparties
2025-01-23 11:31:32,717 [INFO] ThirdPartyUpdaterWithRetryManager:96 - Updater plugin is busy. [1/15]
2025-01-23 11:31:32,802 [INFO] LoadUrlFilesThread:156 - End of LoadUrlFiles Thread
2025-01-23 11:31:33,254 [INFO] ServerAccessManage:473 - Download File cube-finder-db.zip
2025-01-23 11:31:35,719 [WARN] MainUpdater:1194 - Updater busy. Cannot search thirdparties
2025-01-23 11:31:35,719 [INFO] ThirdPartyUpdaterWithRetryManager:96 - Updater plugin is busy. [2/15]
2025-01-23 11:31:38,722 [WARN] MainUpdater:1194 - Updater busy. Cannot search thirdparties
2025-01-23 11:31:38,722 [INFO] ThirdPartyUpdaterWithRetryManager:96 - Updater plugin is busy. [3/15]
2025-01-23 11:31:41,723 [WARN] MainUpdater:1194 - Updater busy. Cannot search thirdparties
2025-01-23 11:31:41,723 [INFO] ThirdPartyUpdaterWithRetryManager:96 - Updater plugin is busy. [4/15]
2025-01-23 11:31:44,725 [WARN] MainUpdater:1194 - Updater busy. Cannot search thirdparties
2025-01-23 11:31:44,725 [INFO] ThirdPartyUpdaterWithRetryManager:96 - Updater plugin is busy. [5/15]
2025-01-23 11:31:47,727 [WARN] MainUpdater:1194 - Updater busy. Cannot search thirdparties
2025-01-23 11:31:47,727 [INFO] ThirdPartyUpdaterWithRetryManager:96 - Updater plugin is busy. [6/15]
2025-01-23 11:31:48,115 [INFO] FileExtend:240 - Unzip File : cube-finder-db.zip
2025-01-23 11:31:48,116 [INFO] FileExtend:255 - Standard Zip Deflate
2025-01-23 11:31:50,536 [INFO] LoadUrlFilesThread:156 - End of LoadUrlFiles Thread
2025-01-23 11:31:50,737 [WARN] MainUpdater:1194 - Updater busy. Cannot search thirdparties
2025-01-23 11:31:50,737 [INFO] ThirdPartyUpdaterWithRetryManager:96 - Updater plugin is busy. [7/15]
2025-01-23 11:31:51,868 [INFO] ServerAccessManage:473 - Download File crdb.zip
2025-01-23 11:31:53,373 [INFO] FileExtend:240 - Unzip File : crdb.zip
2025-01-23 11:31:53,373 [INFO] FileExtend:255 - Standard Zip Deflate
2025-01-23 11:31:53,606 [INFO] LoadUrlFilesThread:156 - End of LoadUrlFiles Thread
2025-01-23 11:31:53,739 [WARN] MainUpdater:1194 - Updater busy. Cannot search thirdparties
2025-01-23 11:31:53,739 [INFO] ThirdPartyUpdaterWithRetryManager:96 - Updater plugin is busy. [8/15]
2025-01-23 11:31:53,919 [INFO] WebApp:161 - Instantiating new browser for Auth
2025-01-23 11:31:55,278 [INFO] ServerAccessManage:473 - Download File tutoVideoDB.zip
2025-01-23 11:31:55,418 [INFO] FileExtend:240 - Unzip File : tutoVideoDB.zip
2025-01-23 11:31:55,419 [INFO] FileExtend:255 - Standard Zip Deflate
2025-01-23 11:31:55,577 [INFO] LoadUrlFilesThread:156 - End of LoadUrlFiles Thread
2025-01-23 11:31:55,583 [WARN] DbFile:41 - Overriding database path with different value: C:\Users\MOWI\.stmcufinder\plugins\mcufinder/ => C:\Users\MOWI\.stmcufinder\plugins\mcufinder
2025-01-23 11:31:55,942 [INFO] WebApp:779 - Register for checkConnection events
2025-01-23 11:31:55,943 [INFO] WebApp:414 - Apply proxy settings
2025-01-23 11:31:55,943 [INFO] WebApp:499 - Chromium requires no authentication
2025-01-23 11:31:55,962 [INFO] WebApp:442 - Direct internet connection detected
2025-01-23 11:31:56,334 [INFO] ServerAccessManage:473 - Download File api_config.json
2025-01-23 11:31:56,452 [INFO] LoadUrlFilesThread:156 - End of LoadUrlFiles Thread
2025-01-23 11:31:56,456 [INFO] DbMcusAds:53 - JSON generation date=Tue Dec 17 23:01:15 WIB 2024 (1734451275196)
2025-01-23 11:31:56,507 [INFO] WebApp:192 - Starting web application
2025-01-23 11:31:56,508 [INFO] WebApp:544 - Web application path used C:\ST\STM32CubeIDE_1.15.0\STM32CubeIDE\plugins\com.st.stm32cube.common.mx_6.11.0.202403141607\db\plugins\mcufinder\reactClient1\index.html
2025-01-23 11:31:56,741 [WARN] MainUpdater:1194 - Updater busy. Cannot search thirdparties
2025-01-23 11:31:56,741 [INFO] ThirdPartyUpdaterWithRetryManager:96 - Updater plugin is busy. [9/15]
2025-01-23 11:31:56,785 [INFO] ServerAccessManage:473 - Download File 
2025-01-23 11:31:56,840 [INFO] LoadUrlFilesThread:185 - End of LoadServerUrlFiles without Thread
2025-01-23 11:31:56,841 [INFO] TargetSelectorAdapter:259 - Refresh data is successful
2025-01-23 11:31:57,401 [INFO] ApiDb:581 - Connected to CubeFinder SQLite database (C:\Users\MOWI\.stmcufinder\plugins\mcufinder\mcu\cube-finder-db.db)
2025-01-23 11:31:57,791 [INFO] ApiDb:668 - CubeFinder database Data Model version=2.1
2025-01-23 11:31:57,792 [INFO] ApiDb:669 - CubeFinder database Configuration version=3.0.39
2025-01-23 11:31:57,792 [INFO] ApiDb:670 - CubeFinder database generation date=2024-12-10 (1733817889)
2025-01-23 11:31:57,793 [INFO] ApiDb:671 - CubeFinder database FW Pack versions=[FP-ATR-ASTRA1_V2.0.0, FP-SNS-FLIGHT1_V5.0.2, FP-SNS-MOTENV1_V5.0.0, FP-SNS-MOTENVWB1_V1.4.0, FP-SNS-SMARTAG2_V1.2.0, FP-SNS-STBOX1_V2.0.0, STM32Cube_FW_C0_V1.3.0, STM32Cube_FW_F4_V1.28.1, STM32Cube_FW_F7_V1.17.2, STM32Cube_FW_G0_V1.6.2, STM32Cube_FW_G4_V1.6.1, STM32Cube_FW_H5_V1.4.0, STM32Cube_FW_H7RS_V1.1.0, STM32Cube_FW_H7_V1.12.0, STM32Cube_FW_L0_V1.12.2, STM32Cube_FW_L4_V1.18.1, STM32Cube_FW_L5_V1.5.1, STM32Cube_FW_N6_V1.0.0, STM32Cube_FW_U0_V1.2.0, STM32Cube_FW_U3_V1.0.0, STM32Cube_FW_U5_V1.7.0, STM32Cube_FW_WB0_V1.1.0, STM32Cube_FW_WBA_V1.5.0, STM32Cube_FW_WB_V1.21.0, STM32Cube_FW_WL3_V1.0.0, STM32Cube_FW_WL_V1.3.0, X-CUBE-ALGOBUILD_V1.4.0, X-CUBE-ALS_V1.0.2, X-CUBE-AZRTOS-F4_V1.1.0, X-CUBE-AZRTOS-F7_V1.1.0, X-CUBE-AZRTOS-G0_V1.1.0, X-CUBE-AZRTOS-G4_V2.0.0, X-CUBE-AZRTOS-H7RS_V1.0.0, X-CUBE-AZRTOS-H7_V3.3.0, X-CUBE-AZRTOS-L4_V2.0.0, X-CUBE-AZRTOS-L5_V2.0.0, X-CUBE-AZRTOS-WB_V2.0.0, X-CUBE-AZRTOS-WL_V2.0.0, X-CUBE-BLE1_V7.0.0, X-CUBE-BLE2_V3.3.0, X-CUBE-BLEMGR_V3.1.0, X-CUBE-EEPRMA1_V5.1.0, X-CUBE-FREERTOS_V1.2.0, X-CUBE-GNSS1_V6.0.0, X-CUBE-MEMS1_V11.0.0, X-CUBE-NFC4_V3.0.0, X-CUBE-NFC7_V1.0.1, X-CUBE-SFXS2LP1_V4.0.0, X-CUBE-SUBG2_V5.0.0, X-CUBE-TOF1_V3.4.2]
2025-01-23 11:32:00,516 [WARN] PackLoader:240 - Cannot read IP mode file for STMicroelectronics.X-CUBE-SMBUS.2.1.0
2025-01-23 11:32:00,739 [WARN] PackLoader:240 - Cannot read IP mode file for STMicroelectronics.X-CUBE-AZRTOS-F7.1.1.0
2025-01-23 11:32:01,236 [WARN] PackLoader:240 - Cannot read IP mode file for STMicroelectronics.X-CUBE-MEMS1.11.0.0
2025-01-23 11:32:02,126 [WARN] PackLoader:240 - Cannot read IP mode file for STMicroelectronics.FP-SNS-FLIGHT1.5.0.2
2025-01-23 11:32:02,299 [WARN] PackLoader:240 - Cannot read IP mode file for Infineon.AIROC-Wi-Fi-Bluetooth-STM32.1.7.0
2025-01-23 11:32:02,375 [WARN] PackLoader:240 - Cannot read IP mode file for STMicroelectronics.X-CUBE-DISPLAY.3.0.0
2025-01-23 11:32:02,443 [WARN] PackLoader:240 - Cannot read IP mode file for STMicroelectronics.X-CUBE-BLE1.7.0.0
2025-01-23 11:32:02,531 [WARN] PackLoader:240 - Cannot read IP mode file for STMicroelectronics.X-CUBE-BLEMGR.4.0.0
2025-01-23 11:32:02,618 [WARN] PackLoader:240 - Cannot read IP mode file for STMicroelectronics.X-CUBE-BLEMGR.3.1.0
2025-01-23 11:32:02,690 [WARN] PackLoader:240 - Cannot read IP mode file for STMicroelectronics.FP-SNS-SMARTAG2.1.2.0
2025-01-23 11:32:03,031 [WARN] PackLoader:240 - Cannot read IP mode file for STMicroelectronics.X-CUBE-MEMS1.11.1.0
2025-01-23 11:32:03,806 [INFO] LogOutputStream:77 - [STDOUT_REDIRECT] 1 : Invalid condition id : UX_CORESTACK_Condition cause : null
2025-01-23 11:32:03,812 [INFO] LogOutputStream:77 - [STDOUT_REDIRECT] 1 : Invalid condition id : UX_CORESTACK_Condition cause : null
2025-01-23 11:32:03,818 [INFO] LogOutputStream:77 - [STDOUT_REDIRECT] 1 : Invalid condition id : UX_CORESTACK_Condition cause : null
2025-01-23 11:32:03,823 [INFO] LogOutputStream:77 - [STDOUT_REDIRECT] 1 : Invalid condition id : UX_CORESTACK_Condition cause : null
2025-01-23 11:32:03,827 [INFO] LogOutputStream:77 - [STDOUT_REDIRECT] 1 : Invalid condition id : UX_CORESTACK_Condition cause : null
2025-01-23 11:32:03,835 [WARN] PackLoader:240 - Cannot read IP mode file for STMicroelectronics.X-CUBE-AZRTOS-WL.2.0.0
2025-01-23 11:32:03,889 [WARN] PackLoader:240 - Cannot read IP mode file for WES.I-CUBE-Cesium.1.3.0
2025-01-23 11:32:03,933 [WARN] PackLoader:240 - Cannot read IP mode file for STMicroelectronics.X-CUBE-BLE2.3.3.0
2025-01-23 11:32:03,978 [WARN] PackLoader:240 - Cannot read IP mode file for STMicroelectronics.X-CUBE-TCPP.4.1.0
2025-01-23 11:32:04,097 [WARN] PackLoader:240 - Cannot read IP mode file for STMicroelectronics.X-CUBE-AZRTOS-G0.1.1.0
2025-01-23 11:32:04,156 [WARN] PackLoader:240 - Cannot read IP mode file for STMicroelectronics.X-CUBE-NFC4.3.0.0
2025-01-23 11:32:04,223 [WARN] PackLoader:240 - Cannot read IP mode file for EmbeddedOffice.I-CUBE-FS-RTOS.1.0.1
2025-01-23 11:32:04,224 [ERROR] ConditionMgr:805 - Attr not supported : Dmpu
2025-01-23 11:32:04,224 [ERROR] ConditionMgr:805 - Attr not supported : Dmpu
2025-01-23 11:32:04,225 [ERROR] ConditionMgr:805 - Attr not supported : Dmpu
2025-01-23 11:32:04,225 [ERROR] ConditionMgr:805 - Attr not supported : Dmpu
2025-01-23 11:32:04,225 [ERROR] ConditionMgr:805 - Attr not supported : Dmpu
2025-01-23 11:32:04,225 [ERROR] ConditionMgr:805 - Attr not supported : Dmpu
2025-01-23 11:32:04,226 [ERROR] ConditionMgr:805 - Attr not supported : Dmpu
2025-01-23 11:32:04,226 [ERROR] ConditionMgr:805 - Attr not supported : Dmpu
2025-01-23 11:32:04,226 [ERROR] ConditionMgr:805 - Attr not supported : Dmpu
2025-01-23 11:32:04,226 [ERROR] ConditionMgr:805 - Attr not supported : Dmpu
2025-01-23 11:32:04,227 [ERROR] ConditionMgr:805 - Attr not supported : Dmpu
2025-01-23 11:32:04,227 [ERROR] ConditionMgr:805 - Attr not supported : Dmpu
2025-01-23 11:32:04,227 [ERROR] ConditionMgr:805 - Attr not supported : Dmpu
2025-01-23 11:32:04,227 [ERROR] ConditionMgr:805 - Attr not supported : Dmpu
2025-01-23 11:32:04,228 [ERROR] ConditionMgr:805 - Attr not supported : Dmpu
2025-01-23 11:32:04,228 [ERROR] ConditionMgr:805 - Attr not supported : Dmpu
2025-01-23 11:32:04,228 [ERROR] ConditionMgr:805 - Attr not supported : Dmpu
2025-01-23 11:32:04,228 [ERROR] ConditionMgr:805 - Attr not supported : Dmpu
2025-01-23 11:32:04,229 [ERROR] ConditionMgr:805 - Attr not supported : Dmpu
2025-01-23 11:32:04,229 [ERROR] ConditionMgr:805 - Attr not supported : Dmpu
2025-01-23 11:32:04,229 [ERROR] ConditionMgr:805 - Attr not supported : Dmpu
2025-01-23 11:32:04,230 [ERROR] ConditionMgr:805 - Attr not supported : Dmpu
2025-01-23 11:32:04,230 [ERROR] ConditionMgr:805 - Attr not supported : Dmpu
2025-01-23 11:32:04,230 [ERROR] ConditionMgr:805 - Attr not supported : Dmpu
2025-01-23 11:32:04,230 [ERROR] ConditionMgr:805 - Attr not supported : Dmpu
2025-01-23 11:32:04,230 [ERROR] ConditionMgr:805 - Attr not supported : Dmpu
2025-01-23 11:32:04,231 [ERROR] ConditionMgr:805 - Attr not supported : Dmpu
2025-01-23 11:32:04,231 [ERROR] ConditionMgr:805 - Attr not supported : Dmpu
2025-01-23 11:32:04,231 [ERROR] ConditionMgr:805 - Attr not supported : Dmpu
2025-01-23 11:32:04,231 [ERROR] ConditionMgr:805 - Attr not supported : Dmpu
2025-01-23 11:32:04,231 [ERROR] ConditionMgr:805 - Attr not supported : Dmpu
2025-01-23 11:32:04,232 [ERROR] ConditionMgr:805 - Attr not supported : Dmpu
2025-01-23 11:32:04,232 [ERROR] ConditionMgr:805 - Attr not supported : Dmpu
2025-01-23 11:32:04,232 [ERROR] ConditionMgr:805 - Attr not supported : Dmpu
2025-01-23 11:32:04,232 [ERROR] ConditionMgr:805 - Attr not supported : Dmpu
2025-01-23 11:32:04,232 [ERROR] ConditionMgr:805 - Attr not supported : Dmpu
2025-01-23 11:32:04,233 [ERROR] ConditionMgr:805 - Attr not supported : Dmpu
2025-01-23 11:32:04,233 [ERROR] ConditionMgr:805 - Attr not supported : Dmpu
2025-01-23 11:32:04,233 [ERROR] ConditionMgr:805 - Attr not supported : Dmpu
2025-01-23 11:32:04,233 [ERROR] ConditionMgr:805 - Attr not supported : Dmpu
2025-01-23 11:32:04,234 [ERROR] ConditionMgr:805 - Attr not supported : Dmpu
2025-01-23 11:32:04,234 [ERROR] ConditionMgr:805 - Attr not supported : Dmpu
2025-01-23 11:32:04,234 [ERROR] ConditionMgr:805 - Attr not supported : Dmpu
2025-01-23 11:32:04,234 [ERROR] ConditionMgr:805 - Attr not supported : Dmpu
2025-01-23 11:32:04,235 [ERROR] ConditionMgr:805 - Attr not supported : Dmpu
2025-01-23 11:32:04,235 [ERROR] ConditionMgr:805 - Attr not supported : Dmpu
2025-01-23 11:32:04,235 [ERROR] ConditionMgr:805 - Attr not supported : Dmpu
2025-01-23 11:32:04,235 [ERROR] ConditionMgr:805 - Attr not supported : Dmpu
2025-01-23 11:32:04,235 [ERROR] ConditionMgr:805 - Attr not supported : Dmpu
2025-01-23 11:32:04,236 [ERROR] ConditionMgr:805 - Attr not supported : Dmpu
2025-01-23 11:32:04,236 [ERROR] ConditionMgr:805 - Attr not supported : Dmpu
2025-01-23 11:32:04,236 [ERROR] ConditionMgr:805 - Attr not supported : Dmpu
2025-01-23 11:32:04,236 [ERROR] ConditionMgr:805 - Attr not supported : Dmpu
2025-01-23 11:32:04,251 [ERROR] ConditionMgr:805 - Attr not supported : Dmpu
2025-01-23 11:32:04,251 [ERROR] ConditionMgr:805 - Attr not supported : Dmpu
2025-01-23 11:32:04,252 [ERROR] ConditionMgr:805 - Attr not supported : Dmpu
2025-01-23 11:32:04,252 [ERROR] ConditionMgr:805 - Attr not supported : Dmpu
2025-01-23 11:32:04,252 [ERROR] ConditionMgr:805 - Attr not supported : Dmpu
2025-01-23 11:32:04,252 [ERROR] ConditionMgr:805 - Attr not supported : Dmpu
2025-01-23 11:32:04,253 [ERROR] ConditionMgr:805 - Attr not supported : Dmpu
2025-01-23 11:32:04,253 [ERROR] ConditionMgr:805 - Attr not supported : Dmpu
2025-01-23 11:32:04,253 [ERROR] ConditionMgr:805 - Attr not supported : Dmpu
2025-01-23 11:32:04,254 [ERROR] ConditionMgr:805 - Attr not supported : Dmpu
2025-01-23 11:32:04,255 [ERROR] ConditionMgr:805 - Attr not supported : Dmpu
2025-01-23 11:32:04,294 [ERROR] Engine:466 - C:\Users\MOWI\.stm32cubemx\thirdparties\pdsc\STMicroelectronics.X-CUBE-TCPP.4.2.0.pdsc: PDSC version is not supported
2025-01-23 11:32:04,334 [WARN] PackLoader:240 - Cannot read IP mode file for STMicroelectronics.FP-ATR-SIGFOX1.3.2.0
2025-01-23 11:32:04,373 [WARN] ConditionMgr:438 - getConditionDescription Invalid condition id : Cortex-A Device cause : null
2025-01-23 11:32:04,451 [WARN] ConditionMgr:1039 - genDependencies : Invalid condition id : Cortex-A Device cause : null
2025-01-23 11:32:04,451 [WARN] ConditionMgr:1039 - genDependencies : Invalid condition id : Cortex-A Device cause : null
2025-01-23 11:32:04,452 [WARN] ConditionMgr:1039 - genDependencies : Invalid condition id : Cortex-A Device cause : null
2025-01-23 11:32:04,504 [WARN] PackLoader:240 - Cannot read IP mode file for STMicroelectronics.X-CUBE-EEPRMA1.5.1.0
2025-01-23 11:32:04,753 [WARN] PackLoader:240 - Cannot read IP mode file for SEGGER.I-CUBE-embOS.1.3.1
2025-01-23 11:32:05,047 [WARN] PackLoader:240 - Cannot read IP mode file for STMicroelectronics.X-CUBE-AZRTOS-F4.1.1.0
2025-01-23 11:32:05,122 [WARN] PackLoader:240 - Cannot read IP mode file for STMicroelectronics.X-CUBE-FREERTOS.1.2.0
2025-01-23 11:32:05,221 [WARN] PackLoader:240 - Cannot read IP mode file for STMicroelectronics.X-CUBE-AZRTOS-L5.2.0.0
2025-01-23 11:32:05,270 [WARN] PackLoader:240 - Cannot read IP mode file for STMicroelectronics.X-CUBE-FREERTOS.1.3.0
2025-01-23 11:32:05,322 [WARN] PackLoader:240 - Cannot read IP mode file for STMicroelectronics.X-CUBE-NFC7.1.0.1
2025-01-23 11:32:05,441 [WARN] ConditionMgr:438 - getConditionDescription Invalid condition id : LAN8742 Phy interface Condition cause : null
2025-01-23 11:32:05,442 [WARN] PackLoader:240 - Cannot read IP mode file for STMicroelectronics.X-CUBE-AZRTOS-L4.2.0.0
2025-01-23 11:32:05,447 [WARN] ConditionMgr:1039 - genDependencies : Invalid condition id : LAN8742 Phy interface Condition cause : null
2025-01-23 11:32:05,448 [WARN] ConditionMgr:1039 - genDependencies : Invalid condition id : LAN8742 Phy interface Condition cause : null
2025-01-23 11:32:05,450 [WARN] ConditionMgr:1039 - genDependencies : Invalid condition id : LAN8742 Phy interface Condition cause : null
2025-01-23 11:32:05,517 [WARN] PackLoader:240 - Cannot read IP mode file for STMicroelectronics.X-CUBE-SFXS2LP1.4.0.0
2025-01-23 11:32:05,662 [WARN] PackLoader:240 - Cannot read IP mode file for STMicroelectronics.X-CUBE-IPS.3.0.0
2025-01-23 11:32:05,729 [INFO] MainUpdater:2873 - connection check result : 10
2025-01-23 11:32:05,761 [WARN] ConditionMgr:438 - getConditionDescription Invalid condition id : UX DEVICE CLASS RTOS Condition cause : null
2025-01-23 11:32:05,762 [WARN] ConditionMgr:438 - getConditionDescription Invalid condition id : UX DEVICE CLASS RTOS Condition cause : null
2025-01-23 11:32:05,768 [WARN] PackLoader:240 - Cannot read IP mode file for STMicroelectronics.X-CUBE-AZRTOS-WB.2.0.0
2025-01-23 11:32:05,770 [WARN] ConditionMgr:1039 - genDependencies : Invalid condition id : UX DEVICE CLASS RTOS Condition cause : null
2025-01-23 11:32:05,770 [WARN] ConditionMgr:1039 - genDependencies : Invalid condition id : UX DEVICE CLASS RTOS Condition cause : null
2025-01-23 11:32:05,772 [WARN] ConditionMgr:1039 - genDependencies : Invalid condition id : UX DEVICE CLASS RTOS Condition cause : null
2025-01-23 11:32:05,773 [WARN] ConditionMgr:1039 - genDependencies : Invalid condition id : UX DEVICE CLASS RTOS Condition cause : null
2025-01-23 11:32:05,773 [WARN] ConditionMgr:1039 - genDependencies : Invalid condition id : UX DEVICE CLASS RTOS Condition cause : null
2025-01-23 11:32:05,886 [WARN] PackLoader:240 - Cannot read IP mode file for STMicroelectronics.X-CUBE-GNSS1.7.0.0
2025-01-23 11:32:05,950 [WARN] PackLoader:240 - Cannot read IP mode file for STMicroelectronics.X-CUBE-GNSS1.7.0.1
2025-01-23 11:32:06,018 [WARN] PackLoader:240 - Cannot read IP mode file for STMicroelectronics.X-CUBE-SUBG2.5.0.0
2025-01-23 11:32:06,086 [WARN] PackLoader:240 - Cannot read IP mode file for Cesanta.I-CUBE-Mongoose.7.13.0
2025-01-23 11:32:06,224 [WARN] PackLoader:240 - Cannot read IP mode file for STMicroelectronics.X-CUBE-AZRTOS-G4.2.0.0
2025-01-23 11:32:06,294 [ERROR] Engine:466 - C:\Users\MOWI\.stm32cubemx\thirdparties\pdsc\STMicroelectronics.X-CUBE-IPS.3.1.0.pdsc: PDSC version is not supported
2025-01-23 11:32:06,348 [WARN] PackLoader:240 - Cannot read IP mode file for STMicroelectronics.X-CUBE-TOUCHGFX.4.24.2
2025-01-23 11:32:06,388 [WARN] PackLoader:240 - Cannot read IP mode file for STMicroelectronics.X-CUBE-TOUCHGFX.4.24.1
2025-01-23 11:32:06,438 [WARN] PackLoader:240 - Cannot read IP mode file for portGmbH.I-Cube-SoM-uGOAL.1.1.0
2025-01-23 11:32:06,441 [INFO] ThirdParty:978 - Integrity check success = true
2025-01-23 11:32:06,442 [INFO] IntegrityCheckThread:100 - exiting critical section [integrity check]
2025-01-23 11:32:06,442 [INFO] IntegrityCheckThread:103 - End integrity checks thread
2025-01-23 11:32:08,481 [INFO] ApiDb:240 - Found 483 in-development CPN: [B-G473E-ZEST1S, B-WB1M-WPAN1, B-WL5M-SUBG1, NUCLEO-C031C6, NUCLEO-H503RB, NUCLEO-H533RE, NUCLEO-H563ZI, NUCLEO-H7S3L8, NUCLEO-U031R8, NUCLEO-U083RC, NUCLEO-U545RE-Q, NUCLEO-U5A5ZJ-Q, NUCLEO-WBA52CG, NUCLEO-WBA55CG, STEVAL-PROTEUS1, STEVAL-SMARTAG2, STEVAL-STWINBX1, STM320518-EVAL, STM32C0116-DK, STM32C011D6Y3TR, STM32C011D6Y6TR, STM32C011F4P3, STM32C011F4P6, STM32C011F4U3, STM32C011F4U6TR, STM32C011F6P3, STM32C011F6P6, STM32C011F6U3, STM32C011F6U6TR, STM32C011J4M3, STM32C011J4M6, STM32C011J6M3, STM32C011J6M6, STM32C0316-DK, STM32C031C4T3, STM32C031C4T6, STM32C031C4U3, STM32C031C4U6, STM32C031C6T3, STM32C031C6T6, STM32C031C6U3, STM32C031C6U6, STM32C031F4P3, STM32C031F4P6, STM32C031F6P3, STM32C031F6P6, STM32C031G4U3, STM32C031G4U6, STM32C031G6U3, STM32C031G6U6, STM32C031K4T3, STM32C031K4T6, STM32C031K4U3, STM32C031K4U6, STM32C031K6T3, STM32C031K6T6, STM32C031K6U3, STM32C031K6U6, STM32G071K8TXN, STM32G071K8UXN, STM32G081GBU6N, STM32G081KBT6N, STM32G081KBUXN, STM32G0B1CCT6N, STM32G0B1KCT6, STM32G0B1NEY6TR, STM32G0B1RCT6N, STM32G0C1CCT6, STM32G0C1CCT6N, STM32G0C1CCU6N, STM32G0C1CET6N, STM32G0C1CEU6N, STM32G0C1KCT6, STM32G0C1NEY6TR, STM32G0C1RCI6N, STM32G0C1RCT6N, STM32G0C1REI6N, STM32G0C1RET6N, STM32G0C1VCI6, STM32G0C1VEI6, STM32G471CCT6, STM32G471CCU6, STM32G471CET3, STM32G471CET6, STM32G471CEU3, STM32G471CEU6, STM32G471MCT6, STM32G471MET3, STM32G471MET6, STM32G471MEY6TR, STM32G471QCT6, STM32G471QET3, STM32G471RCT6, STM32G471RET3, STM32G471RET6, STM32G471VCH6, STM32G471VCI6, STM32G471VCT6, STM32G471VEH3, STM32G471VEH6, STM32G471VEI3, STM32G471VEI6, STM32G471VET3, STM32G471VET6, STM32G474CCT6, STM32H503CBT6, STM32H503CBU6, STM32H503EBY6TR, STM32H503KBU6, STM32H503RBT6, STM32H523CCT6, STM32H523CCU6, STM32H523CET6, STM32H523CEU6, STM32H523HEY6TR, STM32H523RCT6, STM32H523RET6, STM32H523VCI6, STM32H523VCT6, STM32H523VEI6, STM32H523VET6, STM32H523ZCJ6, STM32H523ZCT6, STM32H523ZEJ6, STM32H523ZET6, STM32H533CET6, STM32H533CEU6, STM32H533HEY6TR, STM32H533RET6, STM32H533VEI6, STM32H533VET6, STM32H533ZEJ6, STM32H533ZET6, STM32H562AGI6, STM32H562AII6, STM32H562IGK6, STM32H562IGT6, STM32H562IIK6, STM32H562IIT6, STM32H562RGT6, STM32H562RGV6, STM32H562RIT6, STM32H562RIV6, STM32H562VGT6, STM32H562VIT6, STM32H562ZGT6, STM32H562ZIT6, STM32H563AGI6, STM32H563AII3Q, STM32H563AII6, STM32H563IGK6, STM32H563IGT6, STM32H563IIK3Q, STM32H563IIK6, STM32H563IIT3Q, STM32H563IIT6, STM32H563MIY3QTR, STM32H563RGT6, STM32H563RGV6, STM32H563RIT6, STM32H563RIV6, STM32H563VGT6, STM32H563VIT3Q, STM32H563VIT6, STM32H563ZGT6, STM32H563ZIT3Q, STM32H563ZIT6, STM32H573AII3Q, STM32H573AII6, STM32H573I-DK, STM32H573IIK3Q, STM32H573IIK6, STM32H573IIT3Q, STM32H573IIT6, STM32H573MIY3QTR, STM32H573RIT6, STM32H573RIV6, STM32H573VIT3Q, STM32H573VIT6, STM32H573ZIT3Q, STM32H573ZIT6, STM32H7R3A8I6, STM32H7R3I8K6, STM32H7R3I8T6, STM32H7R3L8H6, STM32H7R3L8H6H, STM32H7R3R8V6, STM32H7R3V8H6, STM32H7R3V8T6, STM32H7R3V8Y6, STM32H7R3Z8J6, STM32H7R3Z8T6, STM32H7R7A8I6, STM32H7R7I8K6, STM32H7R7I8T6, STM32H7R7L8H6, STM32H7R7L8H6H, STM32H7R7Z8J6, STM32H7S3A8I6, STM32H7S3I8K6, STM32H7S3I8T6, STM32H7S3L8H6, STM32H7S3L8H6H, STM32H7S3R8V6, STM32H7S3V8H6, STM32H7S3V8T6, STM32H7S3V8Y6, STM32H7S3Z8J6, STM32H7S3Z8T6, STM32H7S78-DK, STM32H7S7A8I6, STM32H7S7I8K6, STM32H7S7I8T6, STM32H7S7L8H6, STM32H7S7L8H6H, STM32H7S7Z8J6, STM32L4R5QGI6STR, STM32MP131AAE3, STM32MP131AAF3, STM32MP131AAG3, STM32MP131CAE3, STM32MP131CAF3, STM32MP131CAG3, STM32MP131DAE7, STM32MP131DAF7, STM32MP131DAG7, STM32MP131FAE7, STM32MP131FAF7, STM32MP131FAG7, STM32MP133AAE3, STM32MP133AAF3, STM32MP133AAG3, STM32MP133CAE3, STM32MP133CAF3, STM32MP133CAG3, STM32MP133DAE7, STM32MP133DAF7, STM32MP133DAG7, STM32MP133FAE7, STM32MP133FAF7, STM32MP133FAG7, STM32MP135AAE3, STM32MP135AAF3, STM32MP135AAG3, STM32MP135CAE3, STM32MP135CAF3, STM32MP135CAG3, STM32MP135DAE7, STM32MP135DAF7, STM32MP135DAG7, STM32MP135F-DK, STM32MP135FAE7, STM32MP135FAF7, STM32MP135FAF7T, STM32MP135FAF7U, STM32MP135FAG7, STM32U031C6T6, STM32U031C6U6, STM32U031C8T6, STM32U031C8U6, STM32U031F4P6, STM32U031F6P6, STM32U031F8P6, STM32U031G6Y6TR, STM32U031G8Y6TR, STM32U031K4U6, STM32U031K6U6, STM32U031K8U6, STM32U031R6I6, STM32U031R6T6, STM32U031R8I6, STM32U031R8T6, STM32U073C8T6, STM32U073C8U6, STM32U073CBT6, STM32U073CBU6, STM32U073CCT6, STM32U073CCU6, STM32U073H8Y6TR, STM32U073HBY6TR, STM32U073HCY6TR, STM32U073K8U6, STM32U073KBU6, STM32U073KCU6, STM32U073M8I6, STM32U073M8T6, STM32U073MBI6, STM32U073MBT6, STM32U073MCI6, STM32U073MCT6, STM32U073R8I6, STM32U073R8T6, STM32U073RBI6, STM32U073RBT6, STM32U073RCI6, STM32U073RCT6, STM32U083C-DK, STM32U083CCT6, STM32U083CCU6, STM32U083HCY6TR, STM32U083KCU6, STM32U083MCI6, STM32U083MCT6, STM32U083RCI6, STM32U083RCT6, STM32U535CBT6, STM32U535CBT6Q, STM32U535CBU6, STM32U535CBU6Q, STM32U535CCT6, STM32U535CCT6Q, STM32U535CCU6, STM32U535CCU6Q, STM32U535CET6, STM32U535CET6Q, STM32U535CEU6, STM32U535CEU6Q, STM32U535JEY6QTR, STM32U535NCY6QTR, STM32U535NEY6QTR, STM32U535RBI6, STM32U535RBI6Q, STM32U535RBT6, STM32U535RBT6Q, STM32U535RCI6, STM32U535RCI6Q, STM32U535RCT6, STM32U535RCT6Q, STM32U535REI6, STM32U535REI6Q, STM32U535RET6, STM32U535RET6Q, STM32U535VCI6, STM32U535VCI6Q, STM32U535VCT6, STM32U535VCT6Q, STM32U535VEI6, STM32U535VEI6Q, STM32U535VET6, STM32U535VET6Q, STM32U545CET6, STM32U545CET6Q, STM32U545CEU6, STM32U545CEU6Q, STM32U545JEY6QTR, STM32U545NEY6QTR, STM32U545REI6, STM32U545REI6Q, STM32U545RET6, STM32U545RET6Q, STM32U545VEI6, STM32U545VEI6Q, STM32U545VET6, STM32U545VET6Q, STM32U595AIH6, STM32U595AIH6Q, STM32U595AJH6, STM32U595AJH6Q, STM32U595QII6, STM32U595QII6Q, STM32U595QJI6, STM32U595QJI6Q, STM32U595RIT6, STM32U595RIT6Q, STM32U595RJT6, STM32U595RJT6Q, STM32U595VIT6, STM32U595VIT6Q, STM32U595VJT6, STM32U595VJT6Q, STM32U595ZIT6, STM32U595ZIT6Q, STM32U595ZIY6QTR, STM32U595ZJT6, STM32U595ZJT6Q, STM32U595ZJY6QTR, STM32U599BJY6QTR, STM32U599NIH6Q, STM32U599NJH6Q, STM32U599VIT6Q, STM32U599VJT6, STM32U599VJT6Q, STM32U599ZIT6Q, STM32U599ZIY6QTR, STM32U599ZJT6Q, STM32U599ZJY6QTR, STM32U5A5AJH6, STM32U5A5AJH6Q, STM32U5A5QII3Q , STM32U5A5QJI6, STM32U5A5QJI6Q, STM32U5A5RJT6, STM32U5A5RJT6Q, STM32U5A5VJT6, STM32U5A5VJT6Q, STM32U5A5ZJT6, STM32U5A5ZJT6Q, STM32U5A5ZJY6QTR, STM32U5A9BJY6QTR, STM32U5A9J-DK, STM32U5A9NJH6Q, STM32U5A9VJT6Q, STM32U5A9ZJT6Q, STM32U5A9ZJY6QTR, STM32U5F7VIT6, STM32U5F7VIT6Q, STM32U5F7VJT6, STM32U5F7VJT6Q, STM32U5F9BJY6QTR, STM32U5F9NJH6Q, STM32U5F9VIT6Q, STM32U5F9VJT6Q, STM32U5F9ZIJ6QTR, STM32U5F9ZIT6Q, STM32U5F9ZJJ6QTR, STM32U5F9ZJT6Q, STM32U5G7VJT6, STM32U5G7VJT6Q, STM32U5G9BJY6QTR, STM32U5G9J-DK1, STM32U5G9J-DK2, STM32U5G9NJH6Q, STM32U5G9VJT6Q, STM32U5G9ZJJ6QTR, STM32U5G9ZJT6Q, STM32WB1MMCH6, STM32WBA50KEU6, STM32WBA50KEU6TR, STM32WBA50KGU6, STM32WBA50KGU6TR, STM32WBA52CEU6, STM32WBA52CEU6TR, STM32WBA52CEU7, STM32WBA52CEU7TR, STM32WBA52CGU6, STM32WBA52CGU6TR, STM32WBA52CGU6U, STM32WBA52CGU7, STM32WBA52CGU7TR, STM32WBA52KEU6, STM32WBA52KEU6TR, STM32WBA52KGU6, STM32WBA52KGU6TR, STM32WBA54CEU6, STM32WBA54CEU6TR, STM32WBA54CEU7, STM32WBA54CEU7TR, STM32WBA54CGU6, STM32WBA54CGU6TR, STM32WBA54CGU7, STM32WBA54CGU7TR, STM32WBA54KEU6, STM32WBA54KEU6TR, STM32WBA54KEU7, STM32WBA54KEU7TR, STM32WBA54KGU6, STM32WBA54KGU6TR, STM32WBA54KGU7, STM32WBA54KGU7TR, STM32WBA55CEU6, STM32WBA55CEU6TR, STM32WBA55CEU7, STM32WBA55CEU7TR, STM32WBA55CGU6, STM32WBA55CGU6TR, STM32WBA55CGU6U, STM32WBA55CGU7, STM32WBA55CGU7TR, STM32WBA55G-DK1, STM32WBA55HEF6, STM32WBA55HEF7, STM32WBA55HGF6, STM32WBA55HGF7, STM32WBA55UEI6, STM32WBA55UEI6TR, STM32WBA55UEI7, STM32WBA55UEI7TR, STM32WBA55UGI6, STM32WBA55UGI6TR, STM32WBA55UGI7, STM32WBA55UGI7TR, STM32WL5MOCH6, STM32WL5MOCH6TR]
2025-01-23 11:32:08,502 [INFO] DbMcus:218 - Found 4404 MCUs, 4404 are supported
2025-01-23 11:32:08,549 [INFO] ApiDb:423 - Load user favorites file C:\Users\MOWI/.stm32cubeide/favorites.mcus.txt: 2 item(s)
2025-01-23 11:32:08,550 [INFO] ApiDb:427 - User favorites MCUs=[STM32F103C6T6A, STM32F407VGT6]
2025-01-23 11:32:08,568 [INFO] DbMcus:224 - Set 2 / 2 favorites MCUs
2025-01-23 11:32:10,217 [INFO] ApiDb:668 - CubeFinder database Data Model version=2.1
2025-01-23 11:32:10,217 [INFO] ApiDb:669 - CubeFinder database Configuration version=3.0.39
2025-01-23 11:32:10,218 [INFO] ApiDb:670 - CubeFinder database generation date=2024-12-10 (1733817889)
2025-01-23 11:32:10,218 [INFO] ApiDb:671 - CubeFinder database FW Pack versions=[FP-ATR-ASTRA1_V2.0.0, FP-SNS-FLIGHT1_V5.0.2, FP-SNS-MOTENV1_V5.0.0, FP-SNS-MOTENVWB1_V1.4.0, FP-SNS-SMARTAG2_V1.2.0, FP-SNS-STBOX1_V2.0.0, STM32Cube_FW_C0_V1.3.0, STM32Cube_FW_F4_V1.28.1, STM32Cube_FW_F7_V1.17.2, STM32Cube_FW_G0_V1.6.2, STM32Cube_FW_G4_V1.6.1, STM32Cube_FW_H5_V1.4.0, STM32Cube_FW_H7RS_V1.1.0, STM32Cube_FW_H7_V1.12.0, STM32Cube_FW_L0_V1.12.2, STM32Cube_FW_L4_V1.18.1, STM32Cube_FW_L5_V1.5.1, STM32Cube_FW_N6_V1.0.0, STM32Cube_FW_U0_V1.2.0, STM32Cube_FW_U3_V1.0.0, STM32Cube_FW_U5_V1.7.0, STM32Cube_FW_WB0_V1.1.0, STM32Cube_FW_WBA_V1.5.0, STM32Cube_FW_WB_V1.21.0, STM32Cube_FW_WL3_V1.0.0, STM32Cube_FW_WL_V1.3.0, X-CUBE-ALGOBUILD_V1.4.0, X-CUBE-ALS_V1.0.2, X-CUBE-AZRTOS-F4_V1.1.0, X-CUBE-AZRTOS-F7_V1.1.0, X-CUBE-AZRTOS-G0_V1.1.0, X-CUBE-AZRTOS-G4_V2.0.0, X-CUBE-AZRTOS-H7RS_V1.0.0, X-CUBE-AZRTOS-H7_V3.3.0, X-CUBE-AZRTOS-L4_V2.0.0, X-CUBE-AZRTOS-L5_V2.0.0, X-CUBE-AZRTOS-WB_V2.0.0, X-CUBE-AZRTOS-WL_V2.0.0, X-CUBE-BLE1_V7.0.0, X-CUBE-BLE2_V3.3.0, X-CUBE-BLEMGR_V3.1.0, X-CUBE-EEPRMA1_V5.1.0, X-CUBE-FREERTOS_V1.2.0, X-CUBE-GNSS1_V6.0.0, X-CUBE-MEMS1_V11.0.0, X-CUBE-NFC4_V3.0.0, X-CUBE-NFC7_V1.0.1, X-CUBE-SFXS2LP1_V4.0.0, X-CUBE-SUBG2_V5.0.0, X-CUBE-TOF1_V3.4.2]
2025-01-23 11:32:10,395 [INFO] DbBoardsSqlite:226 - include board P-NUCLEO-WB55-NUCLEO as a kit item of type 'Nucleo-64'
2025-01-23 11:32:10,396 [INFO] DbBoardsSqlite:226 - include board P-NUCLEO-WB55-USBDONGLE as a kit item of type 'Nucleo USB Dongle'
2025-01-23 11:32:10,396 [INFO] DbBoardsSqlite:226 - include board STEVAL-IDP005V1 as a kit item of type 'Evaluation Board'
2025-01-23 11:32:10,397 [INFO] DbBoardsSqlite:226 - include board STEVAL-IDP005V2 as a kit item of type 'Evaluation Board'
2025-01-23 11:32:10,605 [INFO] ApiDb:240 - Found 483 in-development CPN: [B-G473E-ZEST1S, B-WB1M-WPAN1, B-WL5M-SUBG1, NUCLEO-C031C6, NUCLEO-H503RB, NUCLEO-H533RE, NUCLEO-H563ZI, NUCLEO-H7S3L8, NUCLEO-U031R8, NUCLEO-U083RC, NUCLEO-U545RE-Q, NUCLEO-U5A5ZJ-Q, NUCLEO-WBA52CG, NUCLEO-WBA55CG, STEVAL-PROTEUS1, STEVAL-SMARTAG2, STEVAL-STWINBX1, STM320518-EVAL, STM32C0116-DK, STM32C011D6Y3TR, STM32C011D6Y6TR, STM32C011F4P3, STM32C011F4P6, STM32C011F4U3, STM32C011F4U6TR, STM32C011F6P3, STM32C011F6P6, STM32C011F6U3, STM32C011F6U6TR, STM32C011J4M3, STM32C011J4M6, STM32C011J6M3, STM32C011J6M6, STM32C0316-DK, STM32C031C4T3, STM32C031C4T6, STM32C031C4U3, STM32C031C4U6, STM32C031C6T3, STM32C031C6T6, STM32C031C6U3, STM32C031C6U6, STM32C031F4P3, STM32C031F4P6, STM32C031F6P3, STM32C031F6P6, STM32C031G4U3, STM32C031G4U6, STM32C031G6U3, STM32C031G6U6, STM32C031K4T3, STM32C031K4T6, STM32C031K4U3, STM32C031K4U6, STM32C031K6T3, STM32C031K6T6, STM32C031K6U3, STM32C031K6U6, STM32G071K8TXN, STM32G071K8UXN, STM32G081GBU6N, STM32G081KBT6N, STM32G081KBUXN, STM32G0B1CCT6N, STM32G0B1KCT6, STM32G0B1NEY6TR, STM32G0B1RCT6N, STM32G0C1CCT6, STM32G0C1CCT6N, STM32G0C1CCU6N, STM32G0C1CET6N, STM32G0C1CEU6N, STM32G0C1KCT6, STM32G0C1NEY6TR, STM32G0C1RCI6N, STM32G0C1RCT6N, STM32G0C1REI6N, STM32G0C1RET6N, STM32G0C1VCI6, STM32G0C1VEI6, STM32G471CCT6, STM32G471CCU6, STM32G471CET3, STM32G471CET6, STM32G471CEU3, STM32G471CEU6, STM32G471MCT6, STM32G471MET3, STM32G471MET6, STM32G471MEY6TR, STM32G471QCT6, STM32G471QET3, STM32G471RCT6, STM32G471RET3, STM32G471RET6, STM32G471VCH6, STM32G471VCI6, STM32G471VCT6, STM32G471VEH3, STM32G471VEH6, STM32G471VEI3, STM32G471VEI6, STM32G471VET3, STM32G471VET6, STM32G474CCT6, STM32H503CBT6, STM32H503CBU6, STM32H503EBY6TR, STM32H503KBU6, STM32H503RBT6, STM32H523CCT6, STM32H523CCU6, STM32H523CET6, STM32H523CEU6, STM32H523HEY6TR, STM32H523RCT6, STM32H523RET6, STM32H523VCI6, STM32H523VCT6, STM32H523VEI6, STM32H523VET6, STM32H523ZCJ6, STM32H523ZCT6, STM32H523ZEJ6, STM32H523ZET6, STM32H533CET6, STM32H533CEU6, STM32H533HEY6TR, STM32H533RET6, STM32H533VEI6, STM32H533VET6, STM32H533ZEJ6, STM32H533ZET6, STM32H562AGI6, STM32H562AII6, STM32H562IGK6, STM32H562IGT6, STM32H562IIK6, STM32H562IIT6, STM32H562RGT6, STM32H562RGV6, STM32H562RIT6, STM32H562RIV6, STM32H562VGT6, STM32H562VIT6, STM32H562ZGT6, STM32H562ZIT6, STM32H563AGI6, STM32H563AII3Q, STM32H563AII6, STM32H563IGK6, STM32H563IGT6, STM32H563IIK3Q, STM32H563IIK6, STM32H563IIT3Q, STM32H563IIT6, STM32H563MIY3QTR, STM32H563RGT6, STM32H563RGV6, STM32H563RIT6, STM32H563RIV6, STM32H563VGT6, STM32H563VIT3Q, STM32H563VIT6, STM32H563ZGT6, STM32H563ZIT3Q, STM32H563ZIT6, STM32H573AII3Q, STM32H573AII6, STM32H573I-DK, STM32H573IIK3Q, STM32H573IIK6, STM32H573IIT3Q, STM32H573IIT6, STM32H573MIY3QTR, STM32H573RIT6, STM32H573RIV6, STM32H573VIT3Q, STM32H573VIT6, STM32H573ZIT3Q, STM32H573ZIT6, STM32H7R3A8I6, STM32H7R3I8K6, STM32H7R3I8T6, STM32H7R3L8H6, STM32H7R3L8H6H, STM32H7R3R8V6, STM32H7R3V8H6, STM32H7R3V8T6, STM32H7R3V8Y6, STM32H7R3Z8J6, STM32H7R3Z8T6, STM32H7R7A8I6, STM32H7R7I8K6, STM32H7R7I8T6, STM32H7R7L8H6, STM32H7R7L8H6H, STM32H7R7Z8J6, STM32H7S3A8I6, STM32H7S3I8K6, STM32H7S3I8T6, STM32H7S3L8H6, STM32H7S3L8H6H, STM32H7S3R8V6, STM32H7S3V8H6, STM32H7S3V8T6, STM32H7S3V8Y6, STM32H7S3Z8J6, STM32H7S3Z8T6, STM32H7S78-DK, STM32H7S7A8I6, STM32H7S7I8K6, STM32H7S7I8T6, STM32H7S7L8H6, STM32H7S7L8H6H, STM32H7S7Z8J6, STM32L4R5QGI6STR, STM32MP131AAE3, STM32MP131AAF3, STM32MP131AAG3, STM32MP131CAE3, STM32MP131CAF3, STM32MP131CAG3, STM32MP131DAE7, STM32MP131DAF7, STM32MP131DAG7, STM32MP131FAE7, STM32MP131FAF7, STM32MP131FAG7, STM32MP133AAE3, STM32MP133AAF3, STM32MP133AAG3, STM32MP133CAE3, STM32MP133CAF3, STM32MP133CAG3, STM32MP133DAE7, STM32MP133DAF7, STM32MP133DAG7, STM32MP133FAE7, STM32MP133FAF7, STM32MP133FAG7, STM32MP135AAE3, STM32MP135AAF3, STM32MP135AAG3, STM32MP135CAE3, STM32MP135CAF3, STM32MP135CAG3, STM32MP135DAE7, STM32MP135DAF7, STM32MP135DAG7, STM32MP135F-DK, STM32MP135FAE7, STM32MP135FAF7, STM32MP135FAF7T, STM32MP135FAF7U, STM32MP135FAG7, STM32U031C6T6, STM32U031C6U6, STM32U031C8T6, STM32U031C8U6, STM32U031F4P6, STM32U031F6P6, STM32U031F8P6, STM32U031G6Y6TR, STM32U031G8Y6TR, STM32U031K4U6, STM32U031K6U6, STM32U031K8U6, STM32U031R6I6, STM32U031R6T6, STM32U031R8I6, STM32U031R8T6, STM32U073C8T6, STM32U073C8U6, STM32U073CBT6, STM32U073CBU6, STM32U073CCT6, STM32U073CCU6, STM32U073H8Y6TR, STM32U073HBY6TR, STM32U073HCY6TR, STM32U073K8U6, STM32U073KBU6, STM32U073KCU6, STM32U073M8I6, STM32U073M8T6, STM32U073MBI6, STM32U073MBT6, STM32U073MCI6, STM32U073MCT6, STM32U073R8I6, STM32U073R8T6, STM32U073RBI6, STM32U073RBT6, STM32U073RCI6, STM32U073RCT6, STM32U083C-DK, STM32U083CCT6, STM32U083CCU6, STM32U083HCY6TR, STM32U083KCU6, STM32U083MCI6, STM32U083MCT6, STM32U083RCI6, STM32U083RCT6, STM32U535CBT6, STM32U535CBT6Q, STM32U535CBU6, STM32U535CBU6Q, STM32U535CCT6, STM32U535CCT6Q, STM32U535CCU6, STM32U535CCU6Q, STM32U535CET6, STM32U535CET6Q, STM32U535CEU6, STM32U535CEU6Q, STM32U535JEY6QTR, STM32U535NCY6QTR, STM32U535NEY6QTR, STM32U535RBI6, STM32U535RBI6Q, STM32U535RBT6, STM32U535RBT6Q, STM32U535RCI6, STM32U535RCI6Q, STM32U535RCT6, STM32U535RCT6Q, STM32U535REI6, STM32U535REI6Q, STM32U535RET6, STM32U535RET6Q, STM32U535VCI6, STM32U535VCI6Q, STM32U535VCT6, STM32U535VCT6Q, STM32U535VEI6, STM32U535VEI6Q, STM32U535VET6, STM32U535VET6Q, STM32U545CET6, STM32U545CET6Q, STM32U545CEU6, STM32U545CEU6Q, STM32U545JEY6QTR, STM32U545NEY6QTR, STM32U545REI6, STM32U545REI6Q, STM32U545RET6, STM32U545RET6Q, STM32U545VEI6, STM32U545VEI6Q, STM32U545VET6, STM32U545VET6Q, STM32U595AIH6, STM32U595AIH6Q, STM32U595AJH6, STM32U595AJH6Q, STM32U595QII6, STM32U595QII6Q, STM32U595QJI6, STM32U595QJI6Q, STM32U595RIT6, STM32U595RIT6Q, STM32U595RJT6, STM32U595RJT6Q, STM32U595VIT6, STM32U595VIT6Q, STM32U595VJT6, STM32U595VJT6Q, STM32U595ZIT6, STM32U595ZIT6Q, STM32U595ZIY6QTR, STM32U595ZJT6, STM32U595ZJT6Q, STM32U595ZJY6QTR, STM32U599BJY6QTR, STM32U599NIH6Q, STM32U599NJH6Q, STM32U599VIT6Q, STM32U599VJT6, STM32U599VJT6Q, STM32U599ZIT6Q, STM32U599ZIY6QTR, STM32U599ZJT6Q, STM32U599ZJY6QTR, STM32U5A5AJH6, STM32U5A5AJH6Q, STM32U5A5QII3Q , STM32U5A5QJI6, STM32U5A5QJI6Q, STM32U5A5RJT6, STM32U5A5RJT6Q, STM32U5A5VJT6, STM32U5A5VJT6Q, STM32U5A5ZJT6, STM32U5A5ZJT6Q, STM32U5A5ZJY6QTR, STM32U5A9BJY6QTR, STM32U5A9J-DK, STM32U5A9NJH6Q, STM32U5A9VJT6Q, STM32U5A9ZJT6Q, STM32U5A9ZJY6QTR, STM32U5F7VIT6, STM32U5F7VIT6Q, STM32U5F7VJT6, STM32U5F7VJT6Q, STM32U5F9BJY6QTR, STM32U5F9NJH6Q, STM32U5F9VIT6Q, STM32U5F9VJT6Q, STM32U5F9ZIJ6QTR, STM32U5F9ZIT6Q, STM32U5F9ZJJ6QTR, STM32U5F9ZJT6Q, STM32U5G7VJT6, STM32U5G7VJT6Q, STM32U5G9BJY6QTR, STM32U5G9J-DK1, STM32U5G9J-DK2, STM32U5G9NJH6Q, STM32U5G9VJT6Q, STM32U5G9ZJJ6QTR, STM32U5G9ZJT6Q, STM32WB1MMCH6, STM32WBA50KEU6, STM32WBA50KEU6TR, STM32WBA50KGU6, STM32WBA50KGU6TR, STM32WBA52CEU6, STM32WBA52CEU6TR, STM32WBA52CEU7, STM32WBA52CEU7TR, STM32WBA52CGU6, STM32WBA52CGU6TR, STM32WBA52CGU6U, STM32WBA52CGU7, STM32WBA52CGU7TR, STM32WBA52KEU6, STM32WBA52KEU6TR, STM32WBA52KGU6, STM32WBA52KGU6TR, STM32WBA54CEU6, STM32WBA54CEU6TR, STM32WBA54CEU7, STM32WBA54CEU7TR, STM32WBA54CGU6, STM32WBA54CGU6TR, STM32WBA54CGU7, STM32WBA54CGU7TR, STM32WBA54KEU6, STM32WBA54KEU6TR, STM32WBA54KEU7, STM32WBA54KEU7TR, STM32WBA54KGU6, STM32WBA54KGU6TR, STM32WBA54KGU7, STM32WBA54KGU7TR, STM32WBA55CEU6, STM32WBA55CEU6TR, STM32WBA55CEU7, STM32WBA55CEU7TR, STM32WBA55CGU6, STM32WBA55CGU6TR, STM32WBA55CGU6U, STM32WBA55CGU7, STM32WBA55CGU7TR, STM32WBA55G-DK1, STM32WBA55HEF6, STM32WBA55HEF7, STM32WBA55HGF6, STM32WBA55HGF7, STM32WBA55UEI6, STM32WBA55UEI6TR, STM32WBA55UEI7, STM32WBA55UEI7TR, STM32WBA55UGI6, STM32WBA55UGI6TR, STM32WBA55UGI7, STM32WBA55UGI7TR, STM32WL5MOCH6, STM32WL5MOCH6TR]
2025-01-23 11:32:10,713 [INFO] BoardInfo:889 - No configuration file found for board NUCLEO-C071RB
2025-01-23 11:32:10,714 [INFO] DbBoards:161 - Board is not supported: NUCLEO-C071RB
2025-01-23 11:32:10,994 [INFO] BoardInfo:889 - No configuration file found for board NUCLEO-N657X0-Q
2025-01-23 11:32:10,995 [INFO] DbBoards:161 - Board is not supported: NUCLEO-N657X0-Q
2025-01-23 11:32:11,042 [INFO] BoardInfo:889 - No configuration file found for board NUCLEO-WB05KZ
2025-01-23 11:32:11,043 [INFO] DbBoards:161 - Board is not supported: NUCLEO-WB05KZ
2025-01-23 11:32:11,046 [INFO] BoardInfo:889 - No configuration file found for board NUCLEO-WB07CC
2025-01-23 11:32:11,047 [INFO] DbBoards:161 - Board is not supported: NUCLEO-WB07CC
2025-01-23 11:32:11,051 [INFO] BoardInfo:889 - No configuration file found for board NUCLEO-WB09KE
2025-01-23 11:32:11,052 [INFO] DbBoards:161 - Board is not supported: NUCLEO-WB09KE
2025-01-23 11:32:11,087 [INFO] BoardInfo:889 - No configuration file found for board P-NUCLEO-WB55
2025-01-23 11:32:11,088 [INFO] DbBoards:161 - Kit is not supported: P-NUCLEO-WB55
2025-01-23 11:32:11,103 [INFO] BoardInfo:889 - No configuration file found for board STEVAL-BFA001V1B
2025-01-23 11:32:11,104 [INFO] DbBoards:161 - Kit is not supported: STEVAL-BFA001V1B
2025-01-23 11:32:11,108 [INFO] BoardInfo:889 - No configuration file found for board STEVAL-BFA001V2B
2025-01-23 11:32:11,109 [INFO] DbBoards:161 - Kit is not supported: STEVAL-BFA001V2B
2025-01-23 11:32:11,529 [INFO] BoardInfo:889 - No configuration file found for board STM32MP257F-DK
2025-01-23 11:32:11,530 [INFO] DbBoards:161 - Board is not supported: STM32MP257F-DK
2025-01-23 11:32:11,537 [INFO] BoardInfo:889 - No configuration file found for board STM32MP257F-EV1
2025-01-23 11:32:11,538 [INFO] DbBoards:161 - Board is not supported: STM32MP257F-EV1
2025-01-23 11:32:11,542 [INFO] BoardInfo:889 - No configuration file found for board STM32N6570-DK
2025-01-23 11:32:11,543 [INFO] DbBoards:161 - Board is not supported: STM32N6570-DK
2025-01-23 11:32:11,575 [INFO] DbBoards:168 - Found 203 boards, 192 are supported
2025-01-23 11:32:11,576 [INFO] DbBoards:169 - Found 203 boards, 8 of them is supported for  Bsp
2025-01-23 11:32:11,586 [INFO] ApiDb:423 - Load user favorites file C:\Users\MOWI/.stm32cubeide/favorites.boards.txt: 0 item(s)
2025-01-23 11:32:11,586 [INFO] ApiDb:427 - User favorites Boards=[]
2025-01-23 11:32:11,586 [INFO] DbBoards:198 - Set 0 / 0 favorites Boards
2025-01-23 11:32:11,592 [INFO] ApiDb:668 - CubeFinder database Data Model version=2.1
2025-01-23 11:32:11,592 [INFO] ApiDb:669 - CubeFinder database Configuration version=3.0.39
2025-01-23 11:32:11,592 [INFO] ApiDb:670 - CubeFinder database generation date=2024-12-10 (1733817889)
2025-01-23 11:32:11,593 [INFO] ApiDb:671 - CubeFinder database FW Pack versions=[FP-ATR-ASTRA1_V2.0.0, FP-SNS-FLIGHT1_V5.0.2, FP-SNS-MOTENV1_V5.0.0, FP-SNS-MOTENVWB1_V1.4.0, FP-SNS-SMARTAG2_V1.2.0, FP-SNS-STBOX1_V2.0.0, STM32Cube_FW_C0_V1.3.0, STM32Cube_FW_F4_V1.28.1, STM32Cube_FW_F7_V1.17.2, STM32Cube_FW_G0_V1.6.2, STM32Cube_FW_G4_V1.6.1, STM32Cube_FW_H5_V1.4.0, STM32Cube_FW_H7RS_V1.1.0, STM32Cube_FW_H7_V1.12.0, STM32Cube_FW_L0_V1.12.2, STM32Cube_FW_L4_V1.18.1, STM32Cube_FW_L5_V1.5.1, STM32Cube_FW_N6_V1.0.0, STM32Cube_FW_U0_V1.2.0, STM32Cube_FW_U3_V1.0.0, STM32Cube_FW_U5_V1.7.0, STM32Cube_FW_WB0_V1.1.0, STM32Cube_FW_WBA_V1.5.0, STM32Cube_FW_WB_V1.21.0, STM32Cube_FW_WL3_V1.0.0, STM32Cube_FW_WL_V1.3.0, X-CUBE-ALGOBUILD_V1.4.0, X-CUBE-ALS_V1.0.2, X-CUBE-AZRTOS-F4_V1.1.0, X-CUBE-AZRTOS-F7_V1.1.0, X-CUBE-AZRTOS-G0_V1.1.0, X-CUBE-AZRTOS-G4_V2.0.0, X-CUBE-AZRTOS-H7RS_V1.0.0, X-CUBE-AZRTOS-H7_V3.3.0, X-CUBE-AZRTOS-L4_V2.0.0, X-CUBE-AZRTOS-L5_V2.0.0, X-CUBE-AZRTOS-WB_V2.0.0, X-CUBE-AZRTOS-WL_V2.0.0, X-CUBE-BLE1_V7.0.0, X-CUBE-BLE2_V3.3.0, X-CUBE-BLEMGR_V3.1.0, X-CUBE-EEPRMA1_V5.1.0, X-CUBE-FREERTOS_V1.2.0, X-CUBE-GNSS1_V6.0.0, X-CUBE-MEMS1_V11.0.0, X-CUBE-NFC4_V3.0.0, X-CUBE-NFC7_V1.0.1, X-CUBE-SFXS2LP1_V4.0.0, X-CUBE-SUBG2_V5.0.0, X-CUBE-TOF1_V3.4.2]
2025-01-23 11:32:14,335 [ERROR] DbExamplesSqlite:437 - Missing JSON key: board_cpn
2025-01-23 11:32:14,336 [ERROR] DbExamplesSqlite:437 - Missing JSON key: board_cpn
2025-01-23 11:32:14,337 [ERROR] DbExamplesSqlite:437 - Missing JSON key: board_cpn
2025-01-23 11:32:14,339 [ERROR] DbExamplesSqlite:437 - Missing JSON key: board_cpn
2025-01-23 11:32:14,868 [ERROR] DbExamplesSqlite:437 - Missing JSON key: board_cpn
2025-01-23 11:32:14,869 [ERROR] DbExamplesSqlite:437 - Missing JSON key: board_cpn
2025-01-23 11:32:14,869 [ERROR] DbExamplesSqlite:437 - Missing JSON key: board_cpn
2025-01-23 11:32:14,870 [ERROR] DbExamplesSqlite:437 - Missing JSON key: board_cpn
2025-01-23 11:32:14,871 [ERROR] DbExamplesSqlite:437 - Missing JSON key: board_cpn
2025-01-23 11:32:14,871 [ERROR] DbExamplesSqlite:437 - Missing JSON key: board_cpn
2025-01-23 11:32:14,872 [ERROR] DbExamplesSqlite:437 - Missing JSON key: board_cpn
2025-01-23 11:32:14,873 [ERROR] DbExamplesSqlite:437 - Missing JSON key: board_cpn
2025-01-23 11:32:14,874 [ERROR] DbExamplesSqlite:437 - Missing JSON key: board_cpn
2025-01-23 11:32:15,700 [INFO] DbExamplesSqlite:395 - Ignored 77 examples not supported by CubeIDE
2025-01-23 11:32:15,701 [INFO] DbExamplesSqlite:396 - Found 10474 examples active
2025-01-23 11:32:15,701 [INFO] DbExamplesSqlite:397 - Found 0 examples obsolete
2025-01-23 11:32:15,702 [INFO] DbExamplesSqlite:398 - Found 0 examples under development
2025-01-23 11:32:15,702 [INFO] DbExamplesSqlite:399 - Found 43 examples not building
2025-01-23 11:32:15,706 [INFO] DbExamples:125 - Found 10440 examples
2025-01-23 11:32:16,024 [ERROR] DbExamples:208 - Found 551 examples with invalid data (board or MCU)
2025-01-23 11:32:16,025 [INFO] DbExamples:222 - Found 126 boards with related examples
2025-01-23 11:32:16,027 [INFO] DbExamples:235 - Found 106 MCUs with related examples
2025-01-23 11:32:16,085 [INFO] ApiDb:414 - User favorites file not found: C:\Users\MOWI/.stm32cubeide/favorites.examples.txt
2025-01-23 11:32:16,085 [INFO] DbExamples:250 - Set 0 / 0 favorites Examples
2025-01-23 11:32:16,601 [ERROR] LogOutputStream:75 - [STDERR_REDIRECT] java.lang.NullPointerException: Cannot invoke "com.st.stm32cube.common.mx.targetselector.IdeMcuFinder.getBoard()" because "this.mcuFinder" is null
2025-01-23 11:32:16,612 [ERROR] LogOutputStream:75 - [STDERR_REDIRECT] 	at com.st.stm32cube.common.mx.targetselector.TargetSelectorAdapter.getBoard(TargetSelectorAdapter.java:372)
2025-01-23 11:32:16,614 [INFO] McuFinderGlobals:76 - Set McuFinderConnectedMode to true
2025-01-23 11:32:16,626 [ERROR] LogOutputStream:75 - [STDERR_REDIRECT] 	at com.st.stm32cube.common.projectcreation.ui.wizard.TargetSetupPageAbstract.getSelectedTargetName(TargetSetupPageAbstract.java:462)
2025-01-23 11:32:16,631 [INFO] MultiScanPanel:200 - Auto-refresh data requested => check proxy status ongoing
2025-01-23 11:32:16,637 [INFO] FinderPluginLoader:95 - Searching for filters in installed packs
2025-01-23 11:32:16,638 [ERROR] LogOutputStream:75 - [STDERR_REDIRECT] 	at com.st.stm32cube.common.projectcreation.ui.wizard.ProjectSetupPageAbstract.getTargetObject(ProjectSetupPageAbstract.java:1043)
2025-01-23 11:32:16,656 [ERROR] LogOutputStream:75 - [STDERR_REDIRECT] 	at com.st.stm32cube.common.projectcreation.ui.projectStructure.ProjectStructureCompositeFactory.createProjectStructureComposite(ProjectStructureCompositeFactory.java:22)
2025-01-23 11:32:16,671 [ERROR] LogOutputStream:75 - [STDERR_REDIRECT] 	at com.st.stm32cube.common.projectcreation.ui.wizard.ProjectSetupPageAbstract.createControl(ProjectSetupPageAbstract.java:376)
2025-01-23 11:32:16,676 [ERROR] LogOutputStream:75 - [STDERR_REDIRECT] 	at org.eclipse.jface.wizard.Wizard.createPageControls(Wizard.java:180)
2025-01-23 11:32:16,681 [ERROR] LogOutputStream:75 - [STDERR_REDIRECT] 	at org.eclipse.jface.wizard.WizardDialog.createPageControls(WizardDialog.java:744)
2025-01-23 11:32:16,686 [ERROR] LogOutputStream:75 - [STDERR_REDIRECT] 	at org.eclipse.jface.wizard.WizardDialog.createContents(WizardDialog.java:636)
2025-01-23 11:32:16,690 [ERROR] LogOutputStream:75 - [STDERR_REDIRECT] 	at org.eclipse.jface.window.Window.create(Window.java:431)
2025-01-23 11:32:16,700 [ERROR] LogOutputStream:75 - [STDERR_REDIRECT] 	at org.eclipse.jface.dialogs.Dialog.create(Dialog.java:1094)
2025-01-23 11:32:16,706 [ERROR] LogOutputStream:75 - [STDERR_REDIRECT] 	at org.eclipse.jface.window.Window.open(Window.java:788)
2025-01-23 11:32:16,715 [ERROR] LogOutputStream:75 - [STDERR_REDIRECT] 	at com.st.stm32cube.ide.mcu.informationcenter.WelcomePageAction.run(WelcomePageAction.java:54)
2025-01-23 11:32:16,724 [ERROR] LogOutputStream:75 - [STDERR_REDIRECT] 	at org.eclipse.ui.internal.intro.impl.model.url.IntroURL.runAction(IntroURL.java:279)
2025-01-23 11:32:16,732 [ERROR] LogOutputStream:75 - [STDERR_REDIRECT] 	at org.eclipse.ui.internal.intro.impl.model.url.IntroURL.doExecute(IntroURL.java:190)
2025-01-23 11:32:16,744 [ERROR] LogOutputStream:75 - [STDERR_REDIRECT] 	at org.eclipse.ui.internal.intro.impl.model.url.IntroURL.lambda$0(IntroURL.java:145)
2025-01-23 11:32:16,752 [ERROR] LogOutputStream:75 - [STDERR_REDIRECT] 	at org.eclipse.swt.custom.BusyIndicator.showWhile(BusyIndicator.java:67)
2025-01-23 11:32:16,769 [ERROR] LogOutputStream:75 - [STDERR_REDIRECT] 	at org.eclipse.ui.internal.intro.impl.model.url.IntroURL.execute(IntroURL.java:145)
2025-01-23 11:32:16,781 [ERROR] LogOutputStream:75 - [STDERR_REDIRECT] 	at org.eclipse.ui.internal.intro.impl.presentations.BrowserIntroPartLocationListener.changing(BrowserIntroPartLocationListener.java:130)
2025-01-23 11:32:16,786 [ERROR] LogOutputStream:75 - [STDERR_REDIRECT] 	at org.eclipse.swt.browser.IE.lambda$6(IE.java:525)
2025-01-23 11:32:16,796 [ERROR] LogOutputStream:75 - [STDERR_REDIRECT] 	at org.eclipse.swt.ole.win32.OleEventTable.sendEvent(OleEventTable.java:57)
2025-01-23 11:32:16,803 [ERROR] LogOutputStream:75 - [STDERR_REDIRECT] 	at org.eclipse.swt.ole.win32.OleEventSink.notifyListener(OleEventSink.java:160)
2025-01-23 11:32:16,810 [ERROR] LogOutputStream:75 - [STDERR_REDIRECT] 	at org.eclipse.swt.ole.win32.OleEventSink.Invoke(OleEventSink.java:128)
2025-01-23 11:32:16,815 [ERROR] LogOutputStream:75 - [STDERR_REDIRECT] 	at org.eclipse.swt.ole.win32.OleEventSink$1.method6(OleEventSink.java:79)
2025-01-23 11:32:16,826 [ERROR] LogOutputStream:75 - [STDERR_REDIRECT] 	at org.eclipse.swt.internal.ole.win32.COMObject.callback6(COMObject.java:120)
2025-01-23 11:32:16,832 [ERROR] LogOutputStream:75 - [STDERR_REDIRECT] 	at org.eclipse.swt.internal.win32.OS.DispatchMessage(Native Method)
2025-01-23 11:32:16,851 [ERROR] LogOutputStream:75 - [STDERR_REDIRECT] 	at org.eclipse.swt.widgets.Display.readAndDispatch(Display.java:3657)
2025-01-23 11:32:16,859 [ERROR] LogOutputStream:75 - [STDERR_REDIRECT] 	at com.st.stm32cube.common.mx.oss.core.awtswtbridge.SwtInputBlocker.open(SwtInputBlocker.java:55)
2025-01-23 11:32:16,866 [ERROR] LogOutputStream:75 - [STDERR_REDIRECT] 	at com.st.stm32cube.common.mx.oss.core.awtswtbridge.SwtInputBlocker.block(SwtInputBlocker.java:111)
2025-01-23 11:32:16,884 [ERROR] LogOutputStream:75 - [STDERR_REDIRECT] 	at com.st.stm32cube.common.mx.oss.core.awtswtbridge.AwtEnvironment.invokeAwt(AwtEnvironment.java:179)
2025-01-23 11:32:16,899 [ERROR] LogOutputStream:75 - [STDERR_REDIRECT] 	at com.st.stm32cube.common.mx.oss.core.awtswtbridge.AwtEnvironment.invokeAwtAndBlockSwt(AwtEnvironment.java:206)
2025-01-23 11:32:16,910 [ERROR] LogOutputStream:75 - [STDERR_REDIRECT] 	at com.st.stm32cube.common.mx.targetselector.TargetSelectorAdapter.launchMCUFinder(TargetSelectorAdapter.java:233)
2025-01-23 11:32:16,945 [ERROR] LogOutputStream:75 - [STDERR_REDIRECT] 	at com.st.stm32cube.common.mx.targetselector.TargetSelectorAdapter.addTargetSelector(TargetSelectorAdapter.java:181)
2025-01-23 11:32:16,966 [ERROR] LogOutputStream:75 - [STDERR_REDIRECT] 	at com.st.stm32cube.common.projectcreation.ui.wizard.TargetSetupFromIocPage.<init>(TargetSetupFromIocPage.java:39)
2025-01-23 11:32:16,984 [ERROR] LogOutputStream:75 - [STDERR_REDIRECT] 	at com.st.stm32cube.common.projectcreation.ui.wizard.STM32ProjectFromIocWizard.getTargetSetupPage(STM32ProjectFromIocWizard.java:36)
2025-01-23 11:32:16,998 [ERROR] LogOutputStream:75 - [STDERR_REDIRECT] 	at com.st.stm32cube.common.projectcreation.ui.wizard.STM32ProjectWizardAbstract.addPages(STM32ProjectWizardAbstract.java:99)
2025-01-23 11:32:17,004 [ERROR] LogOutputStream:75 - [STDERR_REDIRECT] 	at org.eclipse.jface.wizard.WizardDialog.createContents(WizardDialog.java:633)
2025-01-23 11:32:17,010 [ERROR] LogOutputStream:75 - [STDERR_REDIRECT] 	at org.eclipse.jface.window.Window.create(Window.java:431)
2025-01-23 11:32:17,022 [ERROR] LogOutputStream:75 - [STDERR_REDIRECT] 	at org.eclipse.jface.dialogs.Dialog.create(Dialog.java:1094)
2025-01-23 11:32:17,028 [ERROR] LogOutputStream:75 - [STDERR_REDIRECT] 	at org.eclipse.jface.window.Window.open(Window.java:788)
2025-01-23 11:32:17,053 [ERROR] LogOutputStream:75 - [STDERR_REDIRECT] 	at com.st.stm32cube.ide.mcu.informationcenter.WelcomePageAction.run(WelcomePageAction.java:54)
2025-01-23 11:32:17,061 [ERROR] LogOutputStream:75 - [STDERR_REDIRECT] 	at org.eclipse.ui.internal.intro.impl.model.url.IntroURL.runAction(IntroURL.java:279)
2025-01-23 11:32:17,067 [ERROR] LogOutputStream:75 - [STDERR_REDIRECT] 	at org.eclipse.ui.internal.intro.impl.model.url.IntroURL.doExecute(IntroURL.java:190)
2025-01-23 11:32:17,077 [ERROR] LogOutputStream:75 - [STDERR_REDIRECT] 	at org.eclipse.ui.internal.intro.impl.model.url.IntroURL.lambda$0(IntroURL.java:145)
2025-01-23 11:32:17,099 [ERROR] LogOutputStream:75 - [STDERR_REDIRECT] 	at org.eclipse.swt.custom.BusyIndicator.showWhile(BusyIndicator.java:67)
2025-01-23 11:32:17,108 [ERROR] LogOutputStream:75 - [STDERR_REDIRECT] 	at org.eclipse.ui.internal.intro.impl.model.url.IntroURL.execute(IntroURL.java:145)
2025-01-23 11:32:17,128 [ERROR] LogOutputStream:75 - [STDERR_REDIRECT] 	at org.eclipse.ui.internal.intro.impl.presentations.BrowserIntroPartLocationListener.changing(BrowserIntroPartLocationListener.java:130)
2025-01-23 11:32:17,133 [ERROR] LogOutputStream:75 - [STDERR_REDIRECT] 	at org.eclipse.swt.browser.IE.lambda$6(IE.java:525)
2025-01-23 11:32:17,140 [ERROR] LogOutputStream:75 - [STDERR_REDIRECT] 	at org.eclipse.swt.ole.win32.OleEventTable.sendEvent(OleEventTable.java:57)
2025-01-23 11:32:17,152 [ERROR] LogOutputStream:75 - [STDERR_REDIRECT] 	at org.eclipse.swt.ole.win32.OleEventSink.notifyListener(OleEventSink.java:160)
2025-01-23 11:32:17,159 [ERROR] LogOutputStream:75 - [STDERR_REDIRECT] 	at org.eclipse.swt.ole.win32.OleEventSink.Invoke(OleEventSink.java:128)
2025-01-23 11:32:17,166 [ERROR] LogOutputStream:75 - [STDERR_REDIRECT] 	at org.eclipse.swt.ole.win32.OleEventSink$1.method6(OleEventSink.java:79)
2025-01-23 11:32:17,178 [ERROR] LogOutputStream:75 - [STDERR_REDIRECT] 	at org.eclipse.swt.internal.ole.win32.COMObject.callback6(COMObject.java:120)
2025-01-23 11:32:17,185 [ERROR] LogOutputStream:75 - [STDERR_REDIRECT] 	at org.eclipse.swt.internal.win32.OS.DispatchMessage(Native Method)
2025-01-23 11:32:17,198 [ERROR] LogOutputStream:75 - [STDERR_REDIRECT] 	at org.eclipse.swt.widgets.Display.readAndDispatch(Display.java:3657)
2025-01-23 11:32:17,207 [ERROR] LogOutputStream:75 - [STDERR_REDIRECT] 	at org.eclipse.e4.ui.internal.workbench.swt.PartRenderingEngine$5.run(PartRenderingEngine.java:1155)
2025-01-23 11:32:17,213 [ERROR] LogOutputStream:75 - [STDERR_REDIRECT] 	at org.eclipse.core.databinding.observable.Realm.runWithDefault(Realm.java:342)
2025-01-23 11:32:17,223 [ERROR] LogOutputStream:75 - [STDERR_REDIRECT] 	at org.eclipse.e4.ui.internal.workbench.swt.PartRenderingEngine.run(PartRenderingEngine.java:1046)
2025-01-23 11:32:17,232 [ERROR] LogOutputStream:75 - [STDERR_REDIRECT] 	at org.eclipse.e4.ui.internal.workbench.E4Workbench.createAndRunUI(E4Workbench.java:155)
2025-01-23 11:32:17,237 [ERROR] LogOutputStream:75 - [STDERR_REDIRECT] 	at org.eclipse.ui.internal.Workbench.lambda$3(Workbench.java:648)
2025-01-23 11:32:17,245 [ERROR] LogOutputStream:75 - [STDERR_REDIRECT] 	at org.eclipse.core.databinding.observable.Realm.runWithDefault(Realm.java:342)
2025-01-23 11:32:17,253 [ERROR] LogOutputStream:75 - [STDERR_REDIRECT] 	at org.eclipse.ui.internal.Workbench.createAndRunWorkbench(Workbench.java:555)
2025-01-23 11:32:17,259 [ERROR] LogOutputStream:75 - [STDERR_REDIRECT] 	at org.eclipse.ui.PlatformUI.createAndRunWorkbench(PlatformUI.java:173)
2025-01-23 11:32:17,267 [ERROR] LogOutputStream:75 - [STDERR_REDIRECT] 	at org.eclipse.ui.internal.ide.application.IDEApplication.start(IDEApplication.java:152)
2025-01-23 11:32:17,279 [ERROR] LogOutputStream:75 - [STDERR_REDIRECT] 	at org.eclipse.equinox.internal.app.EclipseAppHandle.run(EclipseAppHandle.java:208)
2025-01-23 11:32:17,292 [ERROR] LogOutputStream:75 - [STDERR_REDIRECT] 	at org.eclipse.core.runtime.internal.adaptor.EclipseAppLauncher.runApplication(EclipseAppLauncher.java:136)
2025-01-23 11:32:17,310 [ERROR] LogOutputStream:75 - [STDERR_REDIRECT] 	at org.eclipse.core.runtime.internal.adaptor.EclipseAppLauncher.start(EclipseAppLauncher.java:104)
2025-01-23 11:32:17,323 [ERROR] LogOutputStream:75 - [STDERR_REDIRECT] 	at org.eclipse.core.runtime.adaptor.EclipseStarter.run(EclipseStarter.java:402)
2025-01-23 11:32:17,332 [ERROR] LogOutputStream:75 - [STDERR_REDIRECT] 	at org.eclipse.core.runtime.adaptor.EclipseStarter.run(EclipseStarter.java:255)
2025-01-23 11:32:17,340 [ERROR] LogOutputStream:75 - [STDERR_REDIRECT] 	at java.base/jdk.internal.reflect.NativeMethodAccessorImpl.invoke0(Native Method)
2025-01-23 11:32:17,355 [ERROR] LogOutputStream:75 - [STDERR_REDIRECT] 	at java.base/jdk.internal.reflect.NativeMethodAccessorImpl.invoke(NativeMethodAccessorImpl.java:77)
2025-01-23 11:32:17,366 [ERROR] LogOutputStream:75 - [STDERR_REDIRECT] 	at java.base/jdk.internal.reflect.DelegatingMethodAccessorImpl.invoke(DelegatingMethodAccessorImpl.java:43)
2025-01-23 11:32:17,376 [ERROR] LogOutputStream:75 - [STDERR_REDIRECT] 	at java.base/java.lang.reflect.Method.invoke(Method.java:568)
2025-01-23 11:32:17,382 [ERROR] LogOutputStream:75 - [STDERR_REDIRECT] 	at org.eclipse.equinox.launcher.Main.invokeFramework(Main.java:651)
2025-01-23 11:32:17,388 [ERROR] LogOutputStream:75 - [STDERR_REDIRECT] 	at org.eclipse.equinox.launcher.Main.basicRun(Main.java:588)
2025-01-23 11:32:17,397 [ERROR] LogOutputStream:75 - [STDERR_REDIRECT] 	at org.eclipse.equinox.launcher.Main.run(Main.java:1459)
2025-01-23 11:32:26,593 [INFO] MainUpdater:2873 - connection check result : 10
2025-01-23 11:32:27,943 [INFO] LoadUrlFilesThread:185 - End of LoadServerUrlFiles without Thread
2025-01-23 11:32:28,035 [INFO] DetailPanel:341 - Set advertising image to C:/Users/MOWI/STM32Cube/Repository/\en.prom-stm32n6-mcu-finder.png
2025-01-23 11:32:34,424 [INFO] McuFinderGlobals:76 - Set McuFinderConnectedMode to true
2025-01-23 11:32:34,426 [INFO] MultiScanPanel:200 - Auto-refresh data requested => check proxy status ongoing
2025-01-23 11:32:34,428 [INFO] FinderPluginLoader:95 - Searching for filters in installed packs
2025-01-23 11:32:38,123 [INFO] LoadUrlFilesThread:185 - End of LoadServerUrlFiles without Thread
2025-01-23 11:32:38,124 [INFO] DetailPanel:341 - Set advertising image to C:/Users/MOWI/STM32Cube/Repository/\en.prom-stm32n6-mcu-finder.png
2025-01-23 11:32:41,136 [INFO] McuFinderGlobals:76 - Set McuFinderConnectedMode to true
2025-01-23 11:32:42,242 [INFO] ApiDb:448 - Save user favorites file C:\Users\MOWI/.stm32cubeide/favorites.mcus.txt: 2 item(s)
2025-01-23 11:32:42,244 [INFO] ApiDb:452 - User favorites MCUs=[STM32F103C6T6A, STM32F407VGT6]
2025-01-23 11:32:43,135 [INFO] McuFinderGlobals:76 - Set McuFinderConnectedMode to true
2025-01-23 11:32:43,137 [INFO] MultiScanPanel:200 - Auto-refresh data requested => check proxy status ongoing
2025-01-23 11:32:43,138 [INFO] FinderPluginLoader:95 - Searching for filters in installed packs
2025-01-23 11:32:46,361 [INFO] LoadUrlFilesThread:185 - End of LoadServerUrlFiles without Thread
2025-01-23 11:32:46,361 [INFO] DetailPanel:341 - Set advertising image to C:/Users/MOWI/STM32Cube/Repository/\en.prom-stm32n6-mcu-finder.png
2025-01-23 11:33:06,293 [INFO] MainUpdater:2873 - connection check result : 10
2025-01-23 11:33:06,665 [INFO] McuFinderGlobals:76 - Set McuFinderConnectedMode to true
2025-01-23 11:33:06,666 [INFO] MultiScanPanel:200 - Auto-refresh data requested => check proxy status ongoing
2025-01-23 11:33:06,667 [INFO] FinderPluginLoader:95 - Searching for filters in installed packs
2025-01-23 11:33:09,994 [INFO] LoadUrlFilesThread:185 - End of LoadServerUrlFiles without Thread
2025-01-23 11:33:09,995 [INFO] DetailPanel:341 - Set advertising image to C:/Users/MOWI/STM32Cube/Repository/\en.prom-stm32n6-mcu-finder.png
2025-01-23 11:33:20,691 [INFO] ApiDb:581 - Connected to CubeFinder SQLite database (C:\Users\MOWI\.stmcufinder\plugins\mcufinder\mcu\cube-finder-db.db)
2025-01-23 11:34:06,552 [INFO] MainUpdater:2873 - connection check result : 10
2025-01-23 11:34:06,553 [INFO] MainUpdater:2873 - connection check result : 10
2025-01-23 11:34:06,653 [INFO] MicroXplorer:468 - Change Database Path : 
2025-01-23 11:34:06,653 [INFO] MicroXplorer:498 - Change Database Version : DB.6.0.110
2025-01-23 11:34:06,695 [WARN] ThirdParty:871 - waiting for thirdparty lock release [close project]
2025-01-23 11:34:06,696 [INFO] ThirdParty:873 - entering critical section [close project]
2025-01-23 11:34:06,697 [INFO] ThirdParty:883 - exiting critical section [close project]
2025-01-23 11:34:06,703 [INFO] PinOutPanel:1561 - setPackage(No Configuration,No Configuration)
2025-01-23 11:34:06,726 [INFO] UtilMem:75 - Begin LoadConfig() Used Memory: 492830280 Bytes (942669824)
2025-01-23 11:34:06,729 [INFO] MicroXplorer:468 - Change Database Path : 
2025-01-23 11:34:06,729 [INFO] MicroXplorer:498 - Change Database Version : DB.6.0.110
2025-01-23 11:34:06,730 [INFO] OpenFileManager:312 - Change cursor
2025-01-23 11:34:07,373 [INFO] Mcu:2021 - Initializing MCU STM32F103C6Tx STM32F103C6Tx STM32F103C6T6A
2025-01-23 11:34:11,161 [INFO] Context:663 - Trying to add GPIOservice into a context  which must be forbidden
2025-01-23 11:34:12,162 [INFO] ImportTextPane:194 - (OptionalMessage_ERROR) Unable to find key (Mcu.ThirdPartyNb) in loaded IOC file
2025-01-23 11:34:12,163 [INFO] ImportTextPane:194 - (OptionalMessage_ERROR) Unable to find key (Mcu.PinsNb) in loaded IOC file
2025-01-23 11:34:12,163 [INFO] ImportTextPane:194 - (OptionalMessage_ERROR) Unable to find key (Mcu.IPNb) in loaded IOC file
2025-01-23 11:34:13,023 [INFO] RtosManager:555 - Registered RTOS mode: class=CMSIS, group=RTOS, mode=CMSIS_V1, owner=FREERTOS
2025-01-23 11:34:13,024 [INFO] RtosManager:555 - Registered RTOS mode: class=CMSIS, group=RTOS2, mode=CMSIS_V2, owner=FREERTOS
2025-01-23 11:34:13,024 [INFO] RtosManager:555 - Registered RTOS mode: class=RTOS, group=Core, mode=CMSIS_V1, owner=FREERTOS
2025-01-23 11:34:13,024 [INFO] RtosManager:555 - Registered RTOS mode: class=RTOS, group=Core, mode=CMSIS_V2, owner=FREERTOS
2025-01-23 11:34:13,026 [WARN] ModelIntegratedComponent:184 - Missing modes for component STMicroelectronics:FreeRTOS:0.0.1:STMicroelectronics:RTOS:FreeRTOS:Core:::10.2.0:
2025-01-23 11:34:13,155 [WARN] ModelIntegratedComponent:63 - No mode defined for component null
2025-01-23 11:34:13,155 [WARN] ModelIntegratedComponent:63 - No mode defined for component null
2025-01-23 11:34:13,155 [WARN] ModelIntegratedComponent:63 - No mode defined for component null
2025-01-23 11:34:13,156 [WARN] ModelIntegratedComponent:63 - No mode defined for component null
2025-01-23 11:34:13,156 [WARN] ModelIntegratedComponent:63 - No mode defined for component null
2025-01-23 11:34:13,156 [WARN] ModelIntegratedComponent:63 - No mode defined for component null
2025-01-23 11:34:13,156 [WARN] ModelIntegratedComponent:63 - No mode defined for component null
2025-01-23 11:34:13,156 [WARN] ModelIntegratedComponent:63 - No mode defined for component null
2025-01-23 11:34:13,156 [WARN] ModelIntegratedComponent:63 - No mode defined for component null
2025-01-23 11:34:13,156 [WARN] ModelIntegratedComponent:63 - No mode defined for component null
2025-01-23 11:34:13,157 [WARN] ModelIntegratedComponent:63 - No mode defined for component null
2025-01-23 11:34:13,157 [WARN] ModelIntegratedComponent:63 - No mode defined for component null
2025-01-23 11:34:13,157 [WARN] ModelIntegratedComponent:63 - No mode defined for component null
2025-01-23 11:34:13,157 [WARN] ModelIntegratedComponent:63 - No mode defined for component null
2025-01-23 11:34:13,157 [WARN] ModelIntegratedComponent:63 - No mode defined for component null
2025-01-23 11:34:13,157 [WARN] ModelIntegratedComponent:63 - No mode defined for component null
2025-01-23 11:34:13,158 [WARN] ModelIntegratedComponent:63 - No mode defined for component null
2025-01-23 11:34:13,158 [WARN] ModelIntegratedComponent:63 - No mode defined for component null
2025-01-23 11:34:13,158 [WARN] ModelIntegratedComponent:63 - No mode defined for component null
2025-01-23 11:34:13,158 [WARN] ModelIntegratedComponent:63 - No mode defined for component null
2025-01-23 11:34:13,159 [WARN] ModelIntegratedComponent:63 - No mode defined for component null
2025-01-23 11:34:13,160 [WARN] ModelIntegratedComponent:63 - No mode defined for component null
2025-01-23 11:34:13,160 [WARN] ModelIntegratedComponent:63 - No mode defined for component null
2025-01-23 11:34:13,161 [WARN] ModelIntegratedComponent:63 - No mode defined for component null
2025-01-23 11:34:13,161 [WARN] ModelIntegratedComponent:63 - No mode defined for component null
2025-01-23 11:34:13,161 [WARN] ModelIntegratedComponent:63 - No mode defined for component null
2025-01-23 11:34:13,161 [WARN] ModelIntegratedComponent:63 - No mode defined for component null
2025-01-23 11:34:13,162 [WARN] ModelIntegratedComponent:63 - No mode defined for component null
2025-01-23 11:34:13,162 [WARN] ModelIntegratedComponent:63 - No mode defined for component null
2025-01-23 11:34:13,162 [WARN] ModelIntegratedComponent:63 - No mode defined for component null
2025-01-23 11:34:13,162 [WARN] ModelIntegratedComponent:63 - No mode defined for component null
2025-01-23 11:34:13,162 [WARN] ModelIntegratedComponent:63 - No mode defined for component null
2025-01-23 11:34:13,163 [WARN] ModelIntegratedComponent:63 - No mode defined for component null
2025-01-23 11:34:13,163 [WARN] ModelIntegratedComponent:63 - No mode defined for component null
2025-01-23 11:34:13,557 [INFO] ThirdPartyModel:298 - Start build external matchings
2025-01-23 11:34:14,992 [INFO] ThirdPartyModel:316 - End build external matchings
2025-01-23 11:34:15,774 [INFO] UtilMem:75 - End LoadConfig() Used Memory: 617982928 Bytes (942669824)
2025-01-23 11:34:15,963 [WARN] ThirdParty:833 - waiting for thirdparty lock release [change project]
2025-01-23 11:34:15,963 [INFO] ThirdParty:835 - entering critical section [change project]
2025-01-23 11:34:15,964 [INFO] ThirdParty:1030 - CMSIS Pack Vendor :STMicroelectronics USBPD 4.1
2025-01-23 11:34:15,964 [INFO] ThirdParty:1030 - CMSIS Pack Vendor :STMicroelectronics USB_HOST 2.0.0
2025-01-23 11:34:15,965 [INFO] ThirdParty:1030 - CMSIS Pack Vendor :STMicroelectronics X-CUBE-AZRTOS-F4 1.1.0
2025-01-23 11:34:15,965 [INFO] ThirdParty:1030 - CMSIS Pack Vendor :STMicroelectronics LIBJPEG 8.0.0
2025-01-23 11:34:15,965 [INFO] ThirdParty:1030 - CMSIS Pack Vendor :STMicroelectronics X-CUBE-SMBUS 2.1.0
2025-01-23 11:34:15,965 [INFO] ThirdParty:1030 - CMSIS Pack Vendor :STMicroelectronics USB_DEVICE 3.0.0
2025-01-23 11:34:15,966 [INFO] ThirdParty:1030 - CMSIS Pack Vendor :STMicroelectronics X-CUBE-TCPP 4.1.0
2025-01-23 11:34:15,966 [INFO] ThirdParty:1030 - CMSIS Pack Vendor :STMicroelectronics X-CUBE-FREERTOS 1.2.0
2025-01-23 11:34:15,966 [INFO] ThirdParty:1030 - CMSIS Pack Vendor :STMicroelectronics X-CUBE-IPS 3.0.0
2025-01-23 11:34:15,966 [INFO] ThirdParty:1030 - CMSIS Pack Vendor :STMicroelectronics X-CUBE-AZRTOS-WB 2.0.0
2025-01-23 11:34:15,967 [INFO] ThirdParty:1030 - CMSIS Pack Vendor :STMicroelectronics X-CUBE-GNSS1 7.0.0
2025-01-23 11:34:15,967 [INFO] ThirdParty:1030 - CMSIS Pack Vendor :STMicroelectronics X-CUBE-GNSS1 7.0.1
2025-01-23 11:34:15,967 [INFO] ThirdParty:1030 - CMSIS Pack Vendor :STMicroelectronics X-CUBE-AZRTOS-F7 1.1.0
2025-01-23 11:34:15,967 [INFO] ThirdParty:1030 - CMSIS Pack Vendor :STMicroelectronics X-CUBE-AZRTOS-L5 2.0.0
2025-01-23 11:34:15,967 [INFO] ThirdParty:1030 - CMSIS Pack Vendor :STMicroelectronics USB_DEVICE 2.0.0
2025-01-23 11:34:15,968 [INFO] ThirdParty:1030 - CMSIS Pack Vendor :STMicroelectronics X-CUBE-MEMS1 11.0.0
2025-01-23 11:34:15,968 [INFO] ThirdParty:1030 - CMSIS Pack Vendor :STMicroelectronics FreeRTOS 0.0.1
2025-01-23 11:34:15,968 [INFO] ThirdParty:1030 - CMSIS Pack Vendor :STMicroelectronics X-CUBE-AZRTOS-G0 1.1.0
2025-01-23 11:34:15,968 [INFO] ThirdParty:1030 - CMSIS Pack Vendor :STMicroelectronics X-CUBE-NFC4 3.0.0
2025-01-23 11:34:15,968 [INFO] ThirdParty:1030 - CMSIS Pack Vendor :STMicroelectronics X-CUBE-SUBG2 5.0.0
2025-01-23 11:34:15,969 [INFO] ThirdParty:1030 - CMSIS Pack Vendor :STMicroelectronics STM32_WPAN 1.0.0
2025-01-23 11:34:15,969 [INFO] ThirdParty:1030 - CMSIS Pack Vendor :EmbeddedOffice I-CUBE-FS-RTOS 1.0.1
2025-01-23 11:34:15,969 [INFO] ThirdParty:1030 - CMSIS Pack Vendor :STMicroelectronics lwIP 2.0.3
2025-01-23 11:34:15,969 [INFO] ThirdParty:1030 - CMSIS Pack Vendor :STMicroelectronics FP-SNS-FLIGHT1 5.0.2
2025-01-23 11:34:15,969 [INFO] ThirdParty:1030 - CMSIS Pack Vendor :Cesanta I-CUBE-Mongoose 7.13.0
2025-01-23 11:34:15,969 [INFO] ThirdParty:1030 - CMSIS Pack Vendor :STMicroelectronics USB_HOST 1.0.0
2025-01-23 11:34:15,970 [INFO] ThirdParty:1030 - CMSIS Pack Vendor :Infineon AIROC-Wi-Fi-Bluetooth-STM32 1.7.0
2025-01-23 11:34:15,970 [INFO] ThirdParty:1030 - CMSIS Pack Vendor :STMicroelectronics X-CUBE-AZRTOS-G4 2.0.0
2025-01-23 11:34:15,970 [INFO] ThirdParty:1030 - CMSIS Pack Vendor :STMicroelectronics PDM2PCM 3.1.0
2025-01-23 11:34:15,970 [INFO] ThirdParty:1030 - CMSIS Pack Vendor :STMicroelectronics PDM2PCM 3.3.0
2025-01-23 11:34:15,970 [INFO] ThirdParty:1030 - CMSIS Pack Vendor :STMicroelectronics X-CUBE-DISPLAY 3.0.0
2025-01-23 11:34:15,971 [INFO] ThirdParty:1030 - CMSIS Pack Vendor :STMicroelectronics X-CUBE-BLE1 7.0.0
2025-01-23 11:34:15,971 [INFO] ThirdParty:1030 - CMSIS Pack Vendor :STMicroelectronics FP-ATR-SIGFOX1 3.2.0
2025-01-23 11:34:15,971 [INFO] ThirdParty:1030 - CMSIS Pack Vendor :quantropi X-CUBE-qispace-sdk-base 1.9.3
2025-01-23 11:34:15,971 [INFO] ThirdParty:1030 - CMSIS Pack Vendor :STMicroelectronics X-CUBE-BLEMGR 4.0.0
2025-01-23 11:34:15,971 [INFO] ThirdParty:1030 - CMSIS Pack Vendor :STMicroelectronics X-CUBE-EEPRMA1 5.1.0
2025-01-23 11:34:15,972 [INFO] ThirdParty:1030 - CMSIS Pack Vendor :STMicroelectronics HAL Drivers 0.0.0
2025-01-23 11:34:15,972 [INFO] ThirdParty:1030 - CMSIS Pack Vendor :STMicroelectronics MBEDTLS 2.16.2
2025-01-23 11:34:15,972 [INFO] ThirdParty:1030 - CMSIS Pack Vendor :STMicroelectronics X-CUBE-FREERTOS 1.3.0
2025-01-23 11:34:15,972 [INFO] ThirdParty:1030 - CMSIS Pack Vendor :STMicroelectronics X-CUBE-NFC7 1.0.1
2025-01-23 11:34:15,972 [INFO] ThirdParty:1030 - CMSIS Pack Vendor :STMicroelectronics MBEDTLS 2.14.1
2025-01-23 11:34:15,972 [INFO] ThirdParty:1030 - CMSIS Pack Vendor :STMicroelectronics X-CUBE-TOUCHGFX 4.24.2
2025-01-23 11:34:15,973 [INFO] ThirdParty:1030 - CMSIS Pack Vendor :STMicroelectronics X-CUBE-TOUCHGFX 4.24.1
2025-01-23 11:34:15,973 [INFO] ThirdParty:1030 - CMSIS Pack Vendor :portGmbH I-Cube-SoM-uGOAL 1.1.0
2025-01-23 11:34:15,973 [INFO] ThirdParty:1030 - CMSIS Pack Vendor :STMicroelectronics X-CUBE-BLEMGR 3.1.0
2025-01-23 11:34:15,973 [INFO] ThirdParty:1030 - CMSIS Pack Vendor :STMicroelectronics ThreadX 1.0.0
2025-01-23 11:34:15,973 [INFO] ThirdParty:1030 - CMSIS Pack Vendor :STMicroelectronics FP-SNS-SMARTAG2 1.2.0
2025-01-23 11:34:15,973 [INFO] ThirdParty:1030 - CMSIS Pack Vendor :STMicroelectronics X-CUBE-MEMS1 11.1.0
2025-01-23 11:34:15,974 [INFO] ThirdParty:1030 - CMSIS Pack Vendor :STMicroelectronics X-CUBE-AZRTOS-WL 2.0.0
2025-01-23 11:34:15,974 [INFO] ThirdParty:1030 - CMSIS Pack Vendor :SEGGER I-CUBE-embOS 1.3.1
2025-01-23 11:34:15,974 [INFO] ThirdParty:1030 - CMSIS Pack Vendor :STMicroelectronics USB_DEVICE 1.0.0
2025-01-23 11:34:15,974 [INFO] ThirdParty:1030 - CMSIS Pack Vendor :STMicroelectronics X-CUBE-AZRTOS-L4 2.0.0
2025-01-23 11:34:15,974 [INFO] ThirdParty:1030 - CMSIS Pack Vendor :STMicroelectronics ThreadX 0.0.2
2025-01-23 11:34:15,974 [INFO] ThirdParty:1030 - CMSIS Pack Vendor :WES I-CUBE-Cesium 1.3.0
2025-01-23 11:34:15,975 [INFO] ThirdParty:1030 - CMSIS Pack Vendor :STMicroelectronics lwIP 2.1.2
2025-01-23 11:34:15,975 [INFO] ThirdParty:1030 - CMSIS Pack Vendor :STMicroelectronics X-CUBE-SFXS2LP1 4.0.0
2025-01-23 11:34:15,975 [INFO] ThirdParty:1030 - CMSIS Pack Vendor :STMicroelectronics X-CUBE-BLE2 3.3.0
2025-01-23 11:34:15,975 [INFO] ThirdParty:1030 - CMSIS Pack Vendor :STMicroelectronics PDM2PCM 3.2.0
2025-01-23 11:34:15,975 [INFO] ThirdParty:841 - exiting critical section [change project]
2025-01-23 11:34:17,447 [INFO] PinOutPanel:1561 - setPackage(No Configuration,No Configuration)
2025-01-23 11:34:17,450 [INFO] PinOutPanel:1561 - setPackage(STM32F103C6Tx,LQFP48)
2025-01-23 11:34:19,957 [INFO] UtilMem:75 - Before build in PCC Used Memory: 739876544 Bytes (1053818880)
2025-01-23 11:34:25,184 [INFO] UtilMem:75 - After build in PCC Used Memory: 575601064 Bytes (1053818880)
2025-01-23 11:34:25,444 [INFO] IPUIPlugin:80 - create IPUIPlugin
2025-01-23 11:34:25,444 [INFO] IPUIPlugin:80 - create IPUIPlugin
2025-01-23 11:34:25,444 [INFO] IPUIPlugin:80 - create IPUIPlugin
2025-01-23 11:34:25,446 [INFO] IPUIPlugin:80 - create IPUIPlugin
2025-01-23 11:34:25,446 [INFO] IPUIPlugin:80 - create IPUIPlugin
2025-01-23 11:34:25,446 [INFO] IPUIPlugin:80 - create IPUIPlugin
2025-01-23 11:34:25,447 [INFO] IPUIPlugin:80 - create IPUIPlugin
2025-01-23 11:34:25,447 [INFO] IPUIPlugin:80 - create IPUIPlugin
2025-01-23 11:34:25,448 [INFO] IPUIPlugin:80 - create IPUIPlugin
2025-01-23 11:34:25,460 [INFO] IPUIPlugin:80 - create IPUIPlugin
2025-01-23 11:34:25,466 [INFO] IPUIPlugin:80 - create IPUIPlugin
2025-01-23 11:34:25,467 [INFO] IPUIPlugin:80 - create IPUIPlugin
2025-01-23 11:34:25,473 [INFO] IPUIPlugin:80 - create IPUIPlugin
2025-01-23 11:34:25,479 [INFO] IPUIPlugin:80 - create IPUIPlugin
2025-01-23 11:34:25,480 [INFO] IPUIPlugin:80 - create IPUIPlugin
2025-01-23 11:34:25,481 [INFO] IPUIPlugin:80 - create IPUIPlugin
2025-01-23 11:34:25,482 [INFO] IPUIPlugin:80 - create IPUIPlugin
2025-01-23 11:34:25,482 [INFO] IPUIPlugin:80 - create IPUIPlugin
2025-01-23 11:34:25,483 [INFO] IPUIPlugin:80 - create IPUIPlugin
2025-01-23 11:34:25,484 [INFO] IPUIPlugin:80 - create IPUIPlugin
2025-01-23 11:34:25,485 [INFO] IPUIPlugin:80 - create IPUIPlugin
2025-01-23 11:34:25,486 [INFO] IPUIPlugin:80 - create IPUIPlugin
2025-01-23 11:34:25,488 [INFO] IPUIPlugin:80 - create IPUIPlugin
2025-01-23 11:34:26,272 [INFO] CADModel:165 - CPN selected for project levelSTM32F103C6T6A
2025-01-23 11:34:26,272 [INFO] CADModel:114 - Register for checkConnection events
2025-01-23 11:34:26,333 [INFO] OpenFileManager:343 - Restore cursor
2025-01-23 11:34:39,340 [INFO] UtilMem:75 - End SaveConfig() Used Memory: 864751080 Bytes (1073741824)
2025-01-23 11:34:39,734 [INFO] UtilMem:75 - End SaveConfig() Used Memory: 892014056 Bytes (1073741824)
2025-01-23 11:34:43,093 [INFO] BlockDiagram:2759 - set Specific Code input for plugin: NVIC
2025-01-23 11:34:43,094 [INFO] BlockDiagram:2759 - set Specific Code input for plugin: RCC
2025-01-23 11:34:43,098 [INFO] CodeGenerator:807 - code generatio: config db path: C:\ST\STM32CubeIDE_1.15.0\STM32CubeIDE\plugins\com.st.stm32cube.common.mx_6.11.0.202403141607\\db\
2025-01-23 11:34:44,205 [INFO] CodeEngine:255 - oldGeneratedFile, C:\Mowi\PengujianSeismicStreamer\STM32\SeismicStreamer\MXTmpFiles\license.tmp_save
2025-01-23 11:34:50,416 [INFO] CodeEngine:279 - Generated code: C:\Mowi\PengujianSeismicStreamer\STM32\SeismicStreamer\MXTmpFiles\license.tmp
2025-01-23 11:34:50,688 [INFO] CodeEngine:255 - oldGeneratedFile, C:\Mowi\PengujianSeismicStreamer\STM32\SeismicStreamer\Core\Src\stm32f1xx_it.c_save
2025-01-23 11:34:52,912 [INFO] CodeEngine:279 - Generated code: C:\Mowi\PengujianSeismicStreamer\STM32\SeismicStreamer\Core\Src\stm32f1xx_it.c
2025-01-23 11:34:52,953 [INFO] CodeEngine:255 - oldGeneratedFile, C:\Mowi\PengujianSeismicStreamer\STM32\SeismicStreamer\Core\Inc\stm32f1xx_it.h_save
2025-01-23 11:34:53,770 [INFO] CodeEngine:279 - Generated code: C:\Mowi\PengujianSeismicStreamer\STM32\SeismicStreamer\Core\Inc\stm32f1xx_it.h
2025-01-23 11:34:54,377 [INFO] CodeEngine:255 - oldGeneratedFile, C:\Mowi\PengujianSeismicStreamer\STM32\SeismicStreamer\Core\Src\stm32f1xx_hal_msp.c_save
2025-01-23 11:34:55,681 [INFO] CodeEngine:279 - Generated code: C:\Mowi\PengujianSeismicStreamer\STM32\SeismicStreamer\Core\Src\stm32f1xx_hal_msp.c
2025-01-23 11:34:56,174 [INFO] CodeEngine:255 - oldGeneratedFile, C:\Mowi\PengujianSeismicStreamer\STM32\SeismicStreamer\MXTmpFiles\system.tmp_save
2025-01-23 11:34:56,606 [INFO] CodeEngine:279 - Generated code: C:\Mowi\PengujianSeismicStreamer\STM32\SeismicStreamer\MXTmpFiles\system.tmp
2025-01-23 11:34:56,675 [INFO] CodeEngine:311 - oldGeneratedFile, C:\Mowi\PengujianSeismicStreamer\STM32\SeismicStreamer\Core\Inc\stm32f1xx_hal_conf.h_save
2025-01-23 11:34:57,104 [INFO] CodeEngine:335 - Generated code: C:\Mowi\PengujianSeismicStreamer\STM32\SeismicStreamer\Core\Inc\stm32f1xx_hal_conf.h
2025-01-23 11:34:57,646 [INFO] CodeEngine:255 - oldGeneratedFile, C:\Mowi\PengujianSeismicStreamer\STM32\SeismicStreamer\Core\Inc\main.h_save
2025-01-23 11:34:58,856 [INFO] CodeEngine:279 - Generated code: C:\Mowi\PengujianSeismicStreamer\STM32\SeismicStreamer\Core\Inc\main.h
2025-01-23 11:34:58,905 [INFO] CodeEngine:255 - oldGeneratedFile, C:\Mowi\PengujianSeismicStreamer\STM32\SeismicStreamer\Core\Src\main.c_save
2025-01-23 11:35:00,490 [INFO] CodeEngine:279 - Generated code: C:\Mowi\PengujianSeismicStreamer\STM32\SeismicStreamer\Core\Src\main.c
2025-01-23 11:35:04,050 [INFO] ProjectBuilder:3163 - Time for Copy HAL[1] : 950mS.
2025-01-23 11:35:04,094 [INFO] ProjectBuilder:4736 - Project Generator version: 4.3.0-B58
2025-01-23 11:35:05,297 [INFO] ConfigFileManager:1503 - The Die is : DIE412
2025-01-23 11:35:05,389 [INFO] ApiDbMcu:508 - Load IP Config File for FATFS
2025-01-23 11:35:05,494 [INFO] ApiDbMcu:508 - Load IP Config File for FREERTOS
2025-01-23 11:35:05,600 [INFO] ApiDbMcu:508 - Load IP Config File for USB_DEVICE
2025-01-23 11:35:10,097 [INFO] LogOutputStream:77 - [STDOUT_REDIRECT] 
2025-01-23 11:35:33,228 [INFO] ProjectBuilder:5002 - Time for Generating toolchain IDE Files: 29135mS.
2025-01-23 11:35:33,230 [INFO] ProjectBuilder:3034 - Time for Copy CMSIS : 1mS.
2025-01-23 11:35:33,245 [INFO] ProjectBuilder:3034 - Time for Copy CMSIS : 1mS.
2025-01-23 11:35:38,674 [INFO] McuFinderGlobals:76 - Set McuFinderConnectedMode to true
2025-01-23 11:35:38,680 [INFO] ApiDb:448 - Save user favorites file C:\Users\MOWI/.stm32cubeide/favorites.mcus.txt: 2 item(s)
2025-01-23 11:35:38,680 [INFO] ApiDb:452 - User favorites MCUs=[STM32F103C6T6A, STM32F407VGT6]
2025-01-23 11:36:30,661 [INFO] NvicIntPanel:101 - NVIC parent = com.st.microxplorer.plugins.ip.nvic.MultiNvicIntPanel[,0,0,0x0,invalid,layout=javax.swing.BoxLayout,alignmentX=0.0,alignmentY=0.0,border=,flags=9,maximumSize=,minimumSize=,preferredSize=]
2025-01-23 11:37:17,180 [INFO] NvicIntPanel:101 - NVIC parent = com.st.microxplorer.plugins.ip.nvic.MultiNvicIntPanel[,0,0,0x0,invalid,layout=javax.swing.BoxLayout,alignmentX=0.0,alignmentY=0.0,border=,flags=9,maximumSize=,minimumSize=,preferredSize=]
2025-01-23 11:37:17,399 [INFO] NvicIntPanel:101 - NVIC parent = com.st.microxplorer.plugins.ip.nvic.MultiNvicIntPanel[,0,0,0x0,invalid,layout=javax.swing.BoxLayout,alignmentX=0.0,alignmentY=0.0,border=,flags=9,maximumSize=,minimumSize=,preferredSize=]
2025-01-23 11:37:22,877 [INFO] NvicIntPanel:101 - NVIC parent = com.st.microxplorer.plugins.ip.nvic.MultiNvicIntPanel[,0,0,0x0,invalid,layout=javax.swing.BoxLayout,alignmentX=0.0,alignmentY=0.0,border=,flags=9,maximumSize=,minimumSize=,preferredSize=]
